Biggles is not installed. If you wish to automatically plot some nice statistics please install it: http://biggles.sourceforge.net/

 ****** Running generation 0 ****** 

Population's average fitness: 0.39219 stdev: 0.06323
Best fitness: 0.4738379697 - size: (0, 2) - species 1 - id 62
Species length: 1 totalizing 150 individuals
Species ID       : [1]
Each species size: [150]
Amount to spawn  : [150]
Species age      : [0]
Species no improv: [0]

 ****** Running generation 1 ****** 

Population's average fitness: 0.37044 stdev: 0.07710
Best fitness: 0.4960172444 - size: (0, 2) - species 1 - id 193
Species length: 1 totalizing 150 individuals
Species ID       : [1]
Each species size: [150]
Amount to spawn  : [150]
Species age      : [1]
Species no improv: [1]

 ****** Running generation 2 ****** 

Population's average fitness: 0.37720 stdev: 0.07454
Best fitness: 0.4978025137 - size: (0, 2) - species 2 - id 445
Species length: 3 totalizing 150 individuals
Species ID       : [1, 2, 3]
Each species size: [138, 6, 6]
Amount to spawn  : [53, 49, 48]
Species age      : [2, 0, 0]
Species no improv: [2, 0, 0]

 ****** Running generation 3 ****** 

Population's average fitness: 0.39893 stdev: 0.08489
Best fitness: 0.5 - size: (0, 0) - species 2 - id 457
Species length: 4 totalizing 150 individuals
Species ID       : [1, 2, 3, 4]
Each species size: [60, 40, 49, 1]
Amount to spawn  : [40, 41, 40, 29]
Species age      : [3, 1, 1, 0]
Species no improv: [0, 0, 0, 0]

 ****** Running generation 4 ****** 

Removing species 3 for being empty
Population's average fitness: 0.39749 stdev: 0.10052
Best fitness: 0.5 - size: (0, 0) - species 1 - id 457
Species length: 3 totalizing 150 individuals
Species ID       : [1, 2, 4]
Each species size: [112, 32, 6]
Amount to spawn  : [61, 53, 36]
Species age      : [4, 2, 1]
Species no improv: [0, 1, 1]

 ****** Running generation 5 ****** 

Population's average fitness: 0.41201 stdev: 0.09565
Best fitness: 0.5 - size: (0, 0) - species 1 - id 658
Species length: 6 totalizing 150 individuals
Species ID       : [1, 2, 4, 5, 6, 7]
Each species size: [106, 4, 37, 1, 1, 1]
Amount to spawn  : [28, 29, 19, 24, 19, 31]
Species age      : [5, 3, 2, 0, 0, 0]
Species no improv: [0, 0, 0, 0, 0, 0]

 ****** Running generation 6 ****** 

Removing species 5 for being empty
Population's average fitness: 0.38281 stdev: 0.09235
Best fitness: 0.5 - size: (0, 0) - species 4 - id 787
Species length: 7 totalizing 150 individuals
Species ID       : [1, 2, 4, 6, 7, 8, 9]
Each species size: [66, 14, 15, 18, 31, 4, 2]
Amount to spawn  : [23, 20, 21, 18, 19, 23, 26]
Species age      : [6, 4, 3, 1, 1, 0, 0]
Species no improv: [1, 1, 0, 0, 1, 0, 0]

 ****** Running generation 7 ****** 

Removing species 4 for being empty
Population's average fitness: 0.42606 stdev: 0.09968
Best fitness: 0.5611860615 - size: (1, 3) - species 8 - id 1132
Species length: 7 totalizing 150 individuals
Species ID       : [1, 2, 6, 7, 8, 9, 10]
Each species size: [39, 24, 20, 44, 21, 1, 1]
Amount to spawn  : [24, 24, 21, 18, 22, 15, 25]
Species age      : [7, 5, 2, 2, 1, 1, 0]
Species no improv: [0, 0, 0, 2, 0, 1, 0]
   Producing 1 more individual(s) to fill up the new population

 ****** Running generation 8 ****** 

Population's average fitness: 0.43776 stdev: 0.09782
Best fitness: 0.5662573108 - size: (1, 3) - species 8 - id 1263
Species length: 8 totalizing 150 individuals
Species ID       : [1, 2, 6, 7, 8, 9, 10, 11]
Each species size: [45, 22, 22, 18, 21, 15, 6, 1]
Amount to spawn  : [23, 23, 20, 17, 23, 15, 22, 7]
Species age      : [8, 6, 3, 3, 2, 2, 1, 0]
Species no improv: [0, 1, 1, 3, 0, 2, 1, 0]

 ****** Running generation 9 ****** 

Population's average fitness: 0.43408 stdev: 0.10419
Best fitness: 0.6037052597 - size: (2, 5) - species 7 - id 1383
Species length: 9 totalizing 150 individuals
Species ID       : [1, 2, 6, 7, 8, 9, 10, 11, 12]
Each species size: [19, 24, 21, 17, 23, 15, 23, 7, 1]
Amount to spawn  : [20, 19, 18, 15, 21, 13, 20, 11, 12]
Species age      : [9, 7, 4, 4, 3, 3, 2, 1, 0]
Species no improv: [1, 2, 0, 4, 0, 3, 2, 0, 0]
   Producing 1 more individual(s) to fill up the new population

 ****** Running generation 10 ****** 

Removing species 2 for being empty
Population's average fitness: 0.42813 stdev: 0.11784
Best fitness: 0.6295665519 - size: (2, 5) - species 7 - id 1518
Species length: 9 totalizing 150 individuals
Species ID       : [1, 6, 7, 8, 9, 10, 11, 12, 13]
Each species size: [39, 17, 15, 20, 14, 25, 11, 7, 2]
Amount to spawn  : [17, 18, 15, 21, 13, 20, 14, 12, 21]
Species age      : [10, 5, 5, 4, 4, 3, 2, 1, 0]
Species no improv: [0, 0, 5, 1, 4, 3, 0, 1, 0]
   Removing 1 excess individual(s) from the new population

 ****** Running generation 11 ****** 

Population's average fitness: 0.44021 stdev: 0.11838
Best fitness: 0.6362826066 - size: (2, 5) - species 7 - id 1635
Species length: 11 totalizing 150 individuals
Species ID       : [1, 6, 7, 8, 9, 10, 11, 12, 13, 14, 15]
Each species size: [19, 39, 16, 18, 13, 19, 13, 10, 1, 1, 1]
Amount to spawn  : [13, 18, 12, 15, 11, 16, 10, 12, 17, 17, 10]
Species age      : [11, 6, 6, 5, 5, 4, 3, 2, 1, 0, 0]
Species no improv: [1, 0, 6, 2, 5, 4, 1, 0, 0, 0, 0]
   Removing 1 excess individual(s) from the new population

 ****** Running generation 12 ****** 

Removing species 13 for being empty
Removing species 15 for being empty
Population's average fitness: 0.45315 stdev: 0.10347
Best fitness: 0.6362826066 - size: (2, 5) - species 7 - id 1635
Species length: 9 totalizing 150 individuals
Species ID       : [1, 6, 7, 8, 9, 10, 11, 12, 14]
Each species size: [30, 17, 12, 32, 11, 16, 10, 4, 18]
Amount to spawn  : [18, 14, 16, 19, 13, 20, 15, 16, 19]
Species age      : [12, 7, 7, 6, 6, 5, 4, 3, 1]
Species no improv: [0, 1, 7, 3, 6, 0, 0, 0, 1]

 ****** Running generation 13 ****** 

Population's average fitness: 0.45292 stdev: 0.10289
Best fitness: 0.6456833782 - size: (2, 5) - species 7 - id 1924
Species length: 9 totalizing 150 individuals
Species ID       : [1, 6, 7, 8, 9, 10, 11, 12, 14]
Each species size: [18, 26, 16, 23, 13, 12, 15, 8, 19]
Amount to spawn  : [17, 17, 19, 17, 13, 19, 16, 15, 17]
Species age      : [13, 8, 8, 7, 7, 6, 5, 4, 2]
Species no improv: [0, 2, 8, 4, 7, 1, 0, 1, 2]

 ****** Running generation 14 ****** 

Population's average fitness: 0.46000 stdev: 0.09529
Best fitness: 0.6456833782 - size: (2, 5) - species 7 - id 1924
Species length: 10 totalizing 150 individuals
Species ID       : [1, 6, 7, 8, 9, 10, 11, 12, 14, 16]
Each species size: [17, 34, 19, 8, 13, 1, 16, 15, 17, 10]
Amount to spawn  : [15, 16, 16, 16, 11, 17, 14, 13, 16, 16]
Species age      : [14, 9, 9, 8, 8, 7, 6, 5, 3, 0]
Species no improv: [1, 3, 9, 5, 8, 2, 1, 0, 3, 0]

 ****** Running generation 15 ****** 

Population's average fitness: 0.46033 stdev: 0.09116
Best fitness: 0.6456833782 - size: (2, 5) - species 7 - id 1924
Species length: 11 totalizing 150 individuals
Species ID       : [1, 6, 7, 8, 9, 10, 11, 12, 14, 16, 17]
Each species size: [14, 34, 16, 21, 11, 3, 14, 7, 15, 14, 1]
Amount to spawn  : [15, 13, 12, 15, 11, 16, 12, 13, 16, 16, 10]
Species age      : [15, 10, 10, 9, 9, 8, 7, 6, 4, 1, 0]
Species no improv: [0, 4, 10, 6, 9, 3, 2, 1, 4, 0, 0]
   Producing 1 more individual(s) to fill up the new population

 ****** Running generation 16 ****** 

Removing species 12 for being empty
Population's average fitness: 0.46017 stdev: 0.09766
Best fitness: 0.6456833782 - size: (2, 5) - species 7 - id 1924
Species length: 10 totalizing 150 individuals
Species ID       : [1, 6, 7, 8, 9, 10, 11, 14, 16, 17]
Each species size: [18, 14, 13, 32, 11, 26, 12, 16, 1, 7]
Amount to spawn  : [17, 16, 14, 16, 11, 18, 15, 18, 12, 12]
Species age      : [16, 11, 11, 10, 10, 9, 8, 5, 2, 1]
Species no improv: [1, 5, 11, 7, 10, 4, 3, 5, 1, 0]
   Producing 1 more individual(s) to fill up the new population

 ****** Running generation 17 ****** 

Population's average fitness: 0.44048 stdev: 0.11031
Best fitness: 0.6457859544 - size: (2, 5) - species 7 - id 2487
Species length: 12 totalizing 150 individuals
Species ID       : [1, 6, 7, 8, 9, 10, 11, 14, 16, 17, 18, 19]
Each species size: [18, 15, 16, 14, 9, 20, 15, 18, 11, 12, 1, 1]
Amount to spawn  : [16, 14, 13, 14, 9, 12, 13, 16, 9, 12, 10, 12]
Species age      : [17, 12, 12, 11, 11, 10, 9, 6, 3, 2, 0, 0]
Species no improv: [0, 6, 12, 8, 11, 5, 4, 6, 2, 0, 0, 0]

 ****** Running generation 18 ****** 

Population's average fitness: 0.43388 stdev: 0.11203
Best fitness: 0.6457859544 - size: (2, 5) - species 7 - id 2487
Species length: 12 totalizing 150 individuals
Species ID       : [1, 6, 7, 8, 9, 10, 11, 14, 16, 17, 18, 19]
Each species size: [16, 17, 13, 18, 9, 12, 13, 18, 6, 12, 5, 11]
Amount to spawn  : [16, 13, 13, 12, 9, 13, 10, 16, 11, 15, 11, 11]
Species age      : [18, 13, 13, 12, 12, 11, 10, 7, 4, 3, 1, 1]
Species no improv: [0, 7, 13, 9, 12, 6, 5, 7, 3, 0, 0, 1]

 ****** Running generation 19 ****** 

Population's average fitness: 0.45054 stdev: 0.10880
Best fitness: 0.6457859544 - size: (2, 5) - species 7 - id 2487
Species length: 12 totalizing 150 individuals
Species ID       : [1, 6, 7, 8, 9, 10, 11, 14, 16, 17, 18, 19]
Each species size: [16, 13, 13, 20, 9, 9, 10, 19, 9, 15, 6, 11]
Amount to spawn  : [15, 13, 11, 12, 9, 12, 10, 14, 13, 16, 14, 10]
Species age      : [19, 14, 14, 13, 13, 12, 11, 8, 5, 4, 2, 2]
Species no improv: [0, 8, 14, 10, 13, 7, 6, 8, 4, 0, 0, 2]
   Producing 1 more individual(s) to fill up the new population

 ****** Running generation 20 ****** 

Population's average fitness: 0.46746 stdev: 0.10831
Best fitness: 0.6463478014 - size: (2, 5) - species 7 - id 2896
Species length: 13 totalizing 150 individuals
Species ID       : [1, 6, 7, 8, 9, 10, 11, 14, 16, 17, 18, 19, 20]
Each species size: [14, 15, 13, 24, 8, 18, 10, 7, 13, 16, 7, 4, 1]
Amount to spawn  : [14, 12, 12, 12, 8, 11, 9, 12, 12, 15, 10, 11, 13]
Species age      : [20, 15, 15, 14, 14, 13, 12, 9, 6, 5, 3, 3, 0]
Species no improv: [1, 9, 15, 11, 14, 8, 7, 9, 5, 0, 1, 0, 0]
   Removing 1 excess individual(s) from the new population

 ****** Running generation 21 ****** 

Removing species 19 for being empty
Population's average fitness: 0.45765 stdev: 0.10574
Best fitness: 0.6463478014 - size: (2, 5) - species 7 - id 2896
Species length: 13 totalizing 150 individuals
Species ID       : [1, 6, 7, 8, 9, 10, 11, 14, 16, 17, 18, 20, 21]
Each species size: [15, 18, 12, 12, 8, 8, 9, 9, 11, 15, 21, 11, 1]
Amount to spawn  : [13, 12, 11, 11, 8, 12, 10, 11, 12, 16, 10, 11, 14]
Species age      : [21, 16, 16, 15, 15, 14, 13, 10, 7, 6, 4, 1, 0]
Species no improv: [2, 10, 16, 12, 15, 9, 0, 10, 6, 0, 2, 1, 0]
   Removing 1 excess individual(s) from the new population

 ****** Running generation 22 ****** 

Removing species 14 for being empty
Removing species 21 for being empty
Population's average fitness: 0.46821 stdev: 0.10608
Best fitness: 0.6463478014 - size: (2, 5) - species 7 - id 2896
Species length: 11 totalizing 150 individuals
Species ID       : [1, 6, 7, 8, 9, 10, 11, 16, 17, 18, 20]
Each species size: [13, 17, 11, 11, 8, 18, 10, 25, 16, 10, 11]
Amount to spawn  : [16, 14, 13, 15, 9, 13, 10, 16, 19, 10, 15]
Species age      : [22, 17, 17, 16, 16, 15, 14, 8, 7, 5, 2]
Species no improv: [3, 11, 17, 0, 16, 10, 1, 7, 0, 3, 2]

 ****** Running generation 23 ****** 

Removing species 10 for being empty

   Species  9 (with  9 individuals) is stagnated: removing it
Population's average fitness: 0.48939 stdev: 0.09664
Best fitness: 0.6463478014 - size: (2, 5) - species 7 - id 2896
Species length: 9 totalizing 141 individuals
Species ID       : [1, 6, 7, 8, 11, 16, 17, 18, 20]
Each species size: [20, 27, 13, 15, 10, 16, 19, 10, 11]
Amount to spawn  : [18, 14, 16, 16, 13, 18, 21, 14, 20]
Species age      : [23, 18, 18, 17, 15, 9, 8, 6, 3]
Species no improv: [4, 12, 0, 1, 2, 8, 0, 4, 0]

 ****** Running generation 24 ****** 

Population's average fitness: 0.47958 stdev: 0.10914
Best fitness: 0.6463478014 - size: (2, 5) - species 7 - id 2896
Species length: 10 totalizing 150 individuals
Species ID       : [1, 6, 7, 8, 11, 16, 17, 18, 20, 22]
Each species size: [17, 14, 16, 16, 13, 18, 21, 14, 20, 1]
Amount to spawn  : [16, 14, 12, 14, 10, 14, 18, 13, 17, 20]
Species age      : [24, 19, 19, 18, 16, 10, 9, 7, 4, 0]
Species no improv: [5, 13, 1, 2, 3, 9, 1, 5, 1, 0]
   Producing 2 more individual(s) to fill up the new population

 ****** Running generation 25 ****** 

Population's average fitness: 0.50111 stdev: 0.10073
Best fitness: 0.6464335538 - size: (2, 6) - species 7 - id 3585
Species length: 11 totalizing 150 individuals
Species ID       : [1, 6, 7, 8, 11, 16, 17, 18, 20, 22, 23]
Each species size: [34, 14, 13, 14, 10, 14, 16, 14, 19, 1, 1]
Amount to spawn  : [16, 13, 14, 14, 10, 13, 15, 12, 17, 19, 9]
Species age      : [25, 20, 20, 19, 17, 11, 10, 8, 5, 1, 0]
Species no improv: [0, 14, 2, 3, 4, 10, 2, 6, 2, 1, 0]
   Removing 2 excess individual(s) from the new population

 ****** Running generation 26 ****** 

Population's average fitness: 0.48618 stdev: 0.11134
Best fitness: 0.7776783097 - size: (3, 9) - species 11 - id 3756
Species length: 12 totalizing 150 individuals
Species ID       : [1, 6, 7, 8, 11, 16, 17, 18, 20, 22, 23, 24]
Each species size: [33, 13, 15, 14, 10, 11, 15, 12, 17, 1, 7, 2]
Amount to spawn  : [14, 11, 13, 12, 10, 11, 13, 13, 16, 15, 11, 12]
Species age      : [26, 21, 21, 20, 18, 12, 11, 9, 6, 2, 1, 0]
Species no improv: [1, 15, 3, 4, 5, 11, 3, 7, 3, 2, 0, 0]
   Removing 1 excess individual(s) from the new population

 ****** Running generation 27 ****** 

Removing species 23 for being empty
Population's average fitness: 0.49655 stdev: 0.10474
Best fitness: 0.7776783097 - size: (3, 9) - species 11 - id 3756
Species length: 14 totalizing 150 individuals
Species ID       : [1, 6, 7, 8, 11, 16, 17, 18, 20, 22, 24, 25, 26, 27]
Each species size: [27, 11, 8, 12, 9, 20, 24, 13, 16, 2, 2, 1, 4, 1]
Amount to spawn  : [10, 10, 9, 11, 8, 9, 11, 9, 13, 9, 9, 14, 9, 19]
Species age      : [27, 22, 22, 21, 19, 13, 12, 10, 7, 3, 1, 0, 0, 0]
Species no improv: [2, 16, 4, 0, 6, 12, 0, 0, 0, 3, 1, 0, 0, 0]

 ****** Running generation 28 ****** 

Removing species 24 for being empty
Removing species 26 for being empty

   Species  6 (with 10 individuals) is stagnated: removing it
Population's average fitness: 0.48770 stdev: 0.11762
Best fitness: 0.7776783097 - size: (3, 9) - species 11 - id 3756
Species length: 11 totalizing 140 individuals
Species ID       : [1, 7, 8, 11, 16, 17, 18, 20, 22, 25, 27]
Each species size: [20, 18, 12, 25, 18, 11, 8, 13, 7, 6, 2]
Amount to spawn  : [13, 11, 12, 9, 11, 13, 12, 16, 17, 17, 19]
Species age      : [28, 23, 22, 20, 14, 13, 11, 8, 4, 1, 1]
Species no improv: [3, 5, 1, 7, 13, 1, 0, 1, 4, 1, 1]

 ****** Running generation 29 ****** 

Removing species 25 for being empty
Population's average fitness: 0.50679 stdev: 0.12220
Best fitness: 0.7776783097 - size: (3, 9) - species 11 - id 3756
Species length: 13 totalizing 150 individuals
Species ID       : [1, 7, 8, 11, 16, 17, 18, 20, 22, 27, 28, 29, 30]
Each species size: [15, 11, 12, 8, 11, 13, 12, 15, 31, 18, 1, 1, 2]
Amount to spawn  : [12, 9, 11, 10, 9, 12, 10, 14, 14, 9, 17, 8, 15]
Species age      : [29, 24, 23, 21, 15, 14, 12, 9, 5, 2, 0, 0, 0]
Species no improv: [4, 6, 2, 0, 14, 2, 0, 0, 5, 2, 0, 0, 0]

 ****** Running generation 30 ****** 

Removing species 30 for being empty
Population's average fitness: 0.49113 stdev: 0.12541
Best fitness: 0.7776783097 - size: (3, 9) - species 11 - id 3756
Species length: 14 totalizing 150 individuals
Species ID       : [1, 7, 8, 11, 16, 17, 18, 20, 22, 27, 28, 29, 31, 32]
Each species size: [12, 9, 11, 25, 5, 12, 10, 30, 13, 9, 1, 8, 4, 1]
Amount to spawn  : [12, 9, 11, 8, 9, 12, 10, 10, 14, 10, 10, 9, 12, 14]
Species age      : [30, 25, 24, 22, 16, 15, 13, 10, 6, 3, 1, 1, 0, 0]
Species no improv: [0, 7, 3, 1, 15, 0, 1, 1, 6, 3, 1, 0, 0, 0]

 ****** Running generation 31 ****** 

Population's average fitness: 0.47896 stdev: 0.12638
Best fitness: 0.7776783097 - size: (3, 9) - species 11 - id 3756
Species length: 15 totalizing 150 individuals
Species ID       : [1, 7, 8, 11, 16, 17, 18, 20, 22, 27, 28, 29, 31, 32, 33]
Each species size: [12, 9, 11, 8, 13, 12, 10, 9, 14, 10, 10, 9, 8, 14, 1]
Amount to spawn  : [2, 10, 11, 8, 10, 12, 10, 12, 14, 9, 10, 9, 11, 9, 14]
Species age      : [31, 26, 25, 23, 17, 16, 14, 11, 7, 4, 2, 2, 1, 1, 0]
Species no improv: [1, 8, 4, 2, 16, 0, 0, 0, 7, 4, 2, 0, 1, 1, 0]
   Removing 1 excess individual(s) from the new population

 ****** Running generation 32 ****** 


   Species 16 (with  9 individuals) is stagnated: removing it
Population's average fitness: 0.48612 stdev: 0.12413
Best fitness: 0.7776783097 - size: (3, 9) - species 11 - id 3756
Species length: 16 totalizing 141 individuals
Species ID       : [1, 7, 8, 11, 17, 18, 20, 22, 27, 28, 29, 31, 32, 33, 34, 35]
Each species size: [2, 11, 11, 8, 12, 10, 15, 14, 9, 10, 9, 12, 6, 9, 1, 2]
Amount to spawn  : [2, 9, 10, 8, 11, 9, 11, 13, 11, 9, 8, 10, 8, 12, 7, 11]
Species age      : [32, 27, 26, 24, 17, 15, 12, 8, 5, 3, 3, 2, 2, 1, 0, 0]
Species no improv: [0, 9, 5, 3, 1, 1, 1, 8, 5, 3, 1, 2, 2, 1, 0, 0]
   Producing 1 more individual(s) to fill up the new population

 ****** Running generation 33 ****** 

Removing species 33 for being empty
Removing species 34 for being empty
Population's average fitness: 0.46218 stdev: 0.14020
Best fitness: 0.7776783097 - size: (3, 9) - species 11 - id 3756
Species length: 14 totalizing 150 individuals
Species ID       : [1, 7, 8, 11, 17, 18, 20, 22, 27, 28, 29, 31, 32, 35]
Each species size: [2, 10, 10, 8, 12, 9, 22, 13, 11, 9, 8, 10, 15, 11]
Amount to spawn  : [3, 11, 13, 9, 12, 11, 13, 16, 12, 9, 10, 13, 8, 10]
Species age      : [33, 28, 27, 25, 18, 16, 13, 9, 6, 4, 4, 3, 3, 1]
Species no improv: [1, 10, 0, 4, 2, 2, 2, 9, 6, 4, 2, 3, 3, 1]

 ****** Running generation 34 ****** 

Population's average fitness: 0.46541 stdev: 0.13383
Best fitness: 0.7776783097 - size: (3, 9) - species 11 - id 3756
Species length: 15 totalizing 150 individuals
Species ID       : [1, 7, 8, 11, 17, 18, 20, 22, 27, 28, 29, 31, 32, 35, 36]
Each species size: [3, 11, 13, 9, 12, 11, 7, 16, 12, 9, 10, 13, 10, 8, 6]
Amount to spawn  : [3, 9, 11, 8, 12, 10, 12, 12, 9, 10, 9, 11, 11, 10, 12]
Species age      : [34, 29, 28, 26, 19, 17, 14, 10, 7, 5, 5, 4, 4, 2, 0]
Species no improv: [2, 11, 1, 5, 3, 3, 3, 10, 7, 5, 3, 4, 4, 2, 0]
   Producing 1 more individual(s) to fill up the new population

 ****** Running generation 35 ****** 

Removing species 35 for being empty
Removing species 36 for being empty
Population's average fitness: 0.47146 stdev: 0.12999
Best fitness: 0.7823870058 - size: (3, 10) - species 11 - id 4953
Species length: 14 totalizing 150 individuals
Species ID       : [1, 7, 8, 11, 17, 18, 20, 22, 27, 28, 29, 31, 32, 37]
Each species size: [3, 9, 11, 8, 11, 10, 24, 12, 10, 10, 9, 11, 21, 1]
Amount to spawn  : [3, 10, 12, 11, 12, 11, 12, 13, 10, 11, 9, 12, 10, 16]
Species age      : [35, 30, 29, 27, 20, 18, 15, 11, 8, 6, 6, 5, 5, 0]
Species no improv: [0, 12, 2, 0, 4, 4, 4, 11, 8, 6, 4, 5, 5, 0]
   Removing 2 excess individual(s) from the new population

 ****** Running generation 36 ****** 

Removing species 37 for being empty
Population's average fitness: 0.48009 stdev: 0.12844
Best fitness: 0.7823870058 - size: (3, 10) - species 11 - id 4953
Species length: 14 totalizing 150 individuals
Species ID       : [1, 7, 8, 11, 17, 18, 20, 22, 27, 28, 29, 31, 32, 38]
Each species size: [3, 10, 12, 11, 26, 11, 12, 12, 10, 11, 9, 12, 10, 1]
Amount to spawn  : [3, 2, 12, 11, 14, 13, 13, 14, 11, 13, 10, 13, 10, 9]
Species age      : [36, 31, 30, 28, 21, 19, 16, 12, 9, 7, 7, 6, 6, 0]
Species no improv: [1, 13, 3, 1, 5, 0, 5, 12, 9, 7, 5, 6, 6, 0]
   Producing 2 more individual(s) to fill up the new population

 ****** Running generation 37 ****** 

Population's average fitness: 0.46207 stdev: 0.13297
Best fitness: 0.7823870058 - size: (3, 10) - species 11 - id 4953
Species length: 15 totalizing 150 individuals
Species ID       : [1, 7, 8, 11, 17, 18, 20, 22, 27, 28, 29, 31, 32, 38, 39]
Each species size: [3, 2, 12, 11, 14, 14, 13, 14, 11, 13, 10, 13, 11, 8, 1]
Amount to spawn  : [3, 3, 3, 11, 14, 11, 13, 14, 10, 12, 11, 12, 11, 9, 15]
Species age      : [37, 32, 31, 29, 22, 20, 17, 13, 10, 8, 8, 7, 7, 1, 0]
Species no improv: [2, 0, 4, 2, 6, 1, 6, 13, 10, 8, 6, 7, 7, 0, 0]
   Removing 2 excess individual(s) from the new population

 ****** Running generation 38 ****** 

Population's average fitness: 0.47952 stdev: 0.13321
Best fitness: 0.7823870058 - size: (3, 10) - species 11 - id 4953
Species length: 16 totalizing 150 individuals
Species ID       : [1, 7, 8, 11, 17, 18, 20, 22, 27, 28, 29, 31, 32, 38, 39, 40]
Each species size: [3, 3, 3, 11, 13, 11, 13, 16, 10, 12, 11, 12, 11, 7, 13, 1]
Amount to spawn  : [3, 2, 2, 9, 13, 11, 12, 13, 9, 9, 10, 12, 11, 13, 14, 8]
Species age      : [38, 33, 32, 30, 23, 21, 18, 14, 11, 9, 9, 8, 8, 2, 1, 0]
Species no improv: [3, 1, 5, 3, 7, 2, 7, 14, 11, 9, 7, 8, 8, 0, 0, 0]
   Removing 1 excess individual(s) from the new population

 ****** Running generation 39 ****** 

Population's average fitness: 0.48236 stdev: 0.14064
Best fitness: 0.7823870058 - size: (3, 10) - species 11 - id 4953
Species length: 17 totalizing 150 individuals
Species ID       : [1, 7, 8, 11, 17, 18, 20, 22, 27, 28, 29, 31, 32, 38, 39, 40, 41]
Each species size: [3, 2, 2, 9, 13, 11, 11, 12, 9, 9, 10, 12, 11, 14, 14, 7, 1]
Amount to spawn  : [2, 2, 2, 2, 12, 11, 11, 12, 8, 7, 7, 12, 9, 14, 14, 9, 15]
Species age      : [39, 34, 33, 31, 24, 22, 19, 15, 12, 10, 10, 9, 9, 3, 2, 1, 0]
Species no improv: [4, 2, 0, 4, 8, 3, 8, 15, 12, 10, 8, 9, 9, 0, 0, 0, 0]
   Producing 1 more individual(s) to fill up the new population

 ****** Running generation 40 ****** 

Population's average fitness: 0.50360 stdev: 0.12570
Best fitness: 0.7823870058 - size: (3, 10) - species 11 - id 4953
Species length: 17 totalizing 150 individuals
Species ID       : [1, 7, 8, 11, 17, 18, 20, 22, 27, 28, 29, 31, 32, 38, 39, 40, 41]
Each species size: [2, 2, 2, 2, 12, 11, 25, 13, 8, 7, 7, 12, 9, 14, 13, 10, 1]
Amount to spawn  : [3, 2, 2, 3, 11, 11, 12, 12, 8, 7, 8, 10, 7, 14, 15, 12, 12]
Species age      : [40, 35, 34, 32, 25, 23, 20, 16, 13, 11, 11, 10, 10, 4, 3, 2, 1]
Species no improv: [0, 3, 1, 0, 9, 4, 9, 16, 13, 11, 9, 10, 10, 1, 0, 0, 1]
   Producing 1 more individual(s) to fill up the new population

 ****** Running generation 41 ****** 

Removing species 39 for being empty
Removing species 41 for being empty

   Species 22 (with 27 individuals) is stagnated: removing it
Population's average fitness: 0.51113 stdev: 0.13032
Best fitness: 0.7823870058 - size: (3, 10) - species 11 - id 4953
Species length: 15 totalizing 123 individuals
Species ID       : [1, 7, 8, 11, 17, 18, 20, 27, 28, 29, 31, 32, 38, 40, 42]
Each species size: [3, 2, 3, 3, 11, 10, 25, 8, 7, 8, 7, 7, 14, 12, 3]
Amount to spawn  : [3, 2, 3, 2, 15, 13, 13, 10, 10, 10, 10, 11, 18, 17, 11]
Species age      : [41, 36, 35, 33, 26, 24, 21, 14, 12, 12, 11, 11, 5, 3, 0]
Species no improv: [1, 4, 2, 1, 10, 5, 10, 14, 12, 0, 11, 11, 0, 0, 0]
   Producing 2 more individual(s) to fill up the new population

 ****** Running generation 42 ****** 

Removing species 18 for being empty
Population's average fitness: 0.48819 stdev: 0.12241
Best fitness: 0.7823870058 - size: (3, 10) - species 11 - id 4953
Species length: 14 totalizing 150 individuals
Species ID       : [1, 7, 8, 11, 17, 20, 27, 28, 29, 31, 32, 38, 40, 42]
Each species size: [3, 2, 16, 2, 15, 13, 10, 10, 10, 17, 11, 18, 18, 5]
Amount to spawn  : [4, 3, 3, 3, 16, 16, 11, 11, 12, 13, 10, 19, 17, 14]
Species age      : [42, 37, 36, 34, 27, 22, 15, 13, 13, 12, 12, 6, 4, 1]
Species no improv: [2, 5, 3, 2, 11, 11, 15, 13, 0, 12, 12, 1, 1, 0]
   Removing 2 excess individual(s) from the new population

 ****** Running generation 43 ****** 

Population's average fitness: 0.48691 stdev: 0.12105
Best fitness: 0.7823870058 - size: (3, 10) - species 11 - id 4953
Species length: 14 totalizing 150 individuals
Species ID       : [1, 7, 8, 11, 17, 20, 27, 28, 29, 31, 32, 38, 40, 42]
Each species size: [4, 3, 3, 3, 16, 16, 11, 11, 12, 24, 10, 19, 17, 1]
Amount to spawn  : [3, 3, 3, 3, 17, 16, 13, 11, 11, 14, 11, 18, 16, 10]
Species age      : [43, 38, 37, 35, 28, 23, 16, 14, 14, 13, 13, 7, 5, 2]
Species no improv: [3, 6, 4, 3, 12, 12, 16, 14, 1, 13, 13, 2, 2, 1]
   Producing 1 more individual(s) to fill up the new population

 ****** Running generation 44 ****** 


   Species 27 (with 13 individuals) is stagnated: removing it
Population's average fitness: 0.47678 stdev: 0.13364
Best fitness: 0.7823870058 - size: (3, 10) - species 11 - id 4953
Species length: 15 totalizing 137 individuals
Species ID       : [1, 7, 8, 11, 17, 20, 28, 29, 31, 32, 38, 40, 42, 43, 44]
Each species size: [3, 3, 3, 3, 17, 15, 11, 11, 14, 11, 18, 17, 9, 1, 1]
Amount to spawn  : [3, 2, 3, 3, 15, 14, 12, 10, 12, 9, 17, 15, 11, 9, 15]
Species age      : [44, 39, 38, 36, 29, 24, 15, 15, 14, 14, 8, 6, 3, 0, 0]
Species no improv: [4, 7, 0, 4, 13, 13, 15, 2, 14, 14, 3, 3, 2, 0, 0]

 ****** Running generation 45 ****** 

Population's average fitness: 0.48282 stdev: 0.12743
Best fitness: 0.7823870058 - size: (3, 10) - species 11 - id 4953
Species length: 17 totalizing 150 individuals
Species ID       : [1, 7, 8, 11, 17, 20, 28, 29, 31, 32, 38, 40, 42, 43, 44, 45, 46]
Each species size: [3, 2, 3, 3, 15, 17, 12, 10, 10, 9, 17, 15, 11, 6, 9, 1, 7]
Amount to spawn  : [3, 2, 2, 2, 12, 11, 8, 8, 11, 9, 14, 15, 10, 7, 13, 13, 13]
Species age      : [45, 40, 39, 37, 30, 25, 16, 16, 15, 15, 9, 7, 4, 1, 1, 0, 0]
Species no improv: [5, 8, 1, 5, 14, 14, 16, 3, 0, 15, 4, 0, 3, 1, 1, 0, 0]
   Removing 3 excess individual(s) from the new population

 ****** Running generation 46 ****** 

Removing species 46 for being empty

   Species 28 (with  8 individuals) is stagnated: removing it
Population's average fitness: 0.50036 stdev: 0.10344
Best fitness: 0.7823870058 - size: (3, 10) - species 11 - id 4953
Species length: 15 totalizing 142 individuals
Species ID       : [1, 7, 8, 11, 17, 20, 29, 31, 32, 38, 40, 42, 43, 44, 45]
Each species size: [3, 2, 2, 2, 12, 11, 8, 14, 9, 14, 15, 10, 7, 20, 13]
Amount to spawn  : [3, 2, 3, 3, 3, 14, 11, 13, 11, 15, 18, 14, 11, 14, 15]
Species age      : [46, 41, 40, 38, 31, 26, 17, 16, 16, 10, 8, 5, 2, 2, 1]
Species no improv: [0, 9, 2, 6, 15, 15, 0, 1, 16, 0, 0, 0, 0, 2, 1]

 ****** Running generation 47 ****** 


   Species 32 (with 11 individuals) is stagnated: removing it
Population's average fitness: 0.48873 stdev: 0.10562
Best fitness: 0.7823870058 - size: (3, 10) - species 11 - id 4953
Species length: 14 totalizing 139 individuals
Species ID       : [1, 7, 8, 11, 17, 20, 29, 31, 38, 40, 42, 43, 44, 45]
Each species size: [3, 2, 3, 3, 3, 15, 11, 25, 15, 18, 14, 10, 2, 15]
Amount to spawn  : [3, 3, 3, 3, 3, 15, 12, 14, 15, 20, 16, 13, 13, 17]
Species age      : [47, 42, 41, 39, 32, 27, 18, 17, 11, 9, 6, 3, 3, 2]
Species no improv: [1, 10, 3, 7, 16, 16, 1, 2, 1, 1, 1, 0, 3, 2]

 ****** Running generation 48 ****** 


   Species 17 (with  3 individuals) is stagnated: removing it

   Species 20 (with 15 individuals) is stagnated: removing it
Population's average fitness: 0.49487 stdev: 0.10340
Best fitness: 0.7823870058 - size: (3, 10) - species 11 - id 4953
Species length: 12 totalizing 132 individuals
Species ID       : [1, 7, 8, 11, 29, 31, 38, 40, 42, 43, 44, 45]
Each species size: [3, 3, 3, 3, 12, 15, 15, 20, 16, 13, 12, 17]
Amount to spawn  : [4, 4, 4, 3, 12, 15, 17, 18, 19, 17, 19, 19]
Species age      : [48, 43, 42, 40, 19, 18, 12, 10, 7, 4, 4, 3]
Species no improv: [2, 0, 4, 8, 2, 3, 2, 2, 0, 0, 4, 3]
   Removing 1 excess individual(s) from the new population

 ****** Running generation 49 ****** 

Population's average fitness: 0.47371 stdev: 0.10936
Best fitness: 0.7823870058 - size: (3, 10) - species 11 - id 4953
Species length: 13 totalizing 150 individuals
Species ID       : [1, 7, 8, 11, 29, 31, 38, 40, 42, 43, 44, 45, 47]
Each species size: [4, 4, 4, 3, 12, 12, 17, 18, 19, 17, 20, 18, 2]
Amount to spawn  : [4, 3, 3, 3, 10, 13, 15, 17, 16, 16, 17, 16, 18]
Species age      : [49, 44, 43, 41, 20, 19, 13, 11, 8, 5, 5, 4, 0]
Species no improv: [3, 1, 5, 9, 3, 4, 3, 3, 1, 0, 5, 4, 0]
   Removing 1 excess individual(s) from the new population

 ****** Running generation 50 ****** 

Removing species 44 for being empty
Population's average fitness: 0.48812 stdev: 0.10120
Best fitness: 0.7823870058 - size: (3, 10) - species 11 - id 4953
Species length: 12 totalizing 150 individuals
Species ID       : [1, 7, 8, 11, 29, 31, 38, 40, 42, 43, 45, 47]
Each species size: [4, 3, 3, 3, 10, 30, 15, 17, 16, 16, 16, 17]
Amount to spawn  : [4, 3, 3, 3, 13, 16, 17, 20, 19, 18, 15, 19]
Species age      : [50, 45, 44, 42, 21, 20, 14, 12, 9, 6, 5, 1]
Species no improv: [4, 2, 6, 10, 4, 5, 4, 0, 2, 0, 5, 1]

 ****** Running generation 51 ****** 

Population's average fitness: 0.48720 stdev: 0.11284
Best fitness: 0.7823870058 - size: (3, 10) - species 11 - id 4953
Species length: 12 totalizing 150 individuals
Species ID       : [1, 7, 8, 11, 29, 31, 38, 40, 42, 43, 45, 47]
Each species size: [4, 3, 3, 3, 13, 16, 17, 20, 19, 18, 15, 19]
Amount to spawn  : [4, 4, 3, 3, 12, 16, 17, 20, 16, 19, 16, 20]
Species age      : [51, 46, 45, 43, 22, 21, 15, 13, 10, 7, 6, 2]
Species no improv: [5, 3, 7, 11, 5, 6, 5, 1, 0, 1, 6, 2]

 ****** Running generation 52 ****** 

Population's average fitness: 0.48091 stdev: 0.10513
Best fitness: 0.7823870058 - size: (3, 10) - species 11 - id 4953
Species length: 15 totalizing 150 individuals
Species ID       : [1, 7, 8, 11, 29, 31, 38, 40, 42, 43, 45, 47, 48, 49, 50]
Each species size: [6, 2, 3, 3, 12, 14, 17, 16, 15, 19, 16, 20, 2, 4, 1]
Amount to spawn  : [3, 2, 3, 2, 8, 11, 13, 13, 11, 16, 14, 15, 15, 11, 15]
Species age      : [52, 47, 46, 44, 23, 22, 16, 14, 11, 8, 7, 3, 0, 0, 0]
Species no improv: [6, 4, 8, 12, 6, 7, 6, 2, 1, 0, 7, 3, 0, 0, 0]
   Removing 2 excess individual(s) from the new population

 ****** Running generation 53 ****** 

Removing species 7 for being empty
Removing species 48 for being empty
Removing species 49 for being empty
Population's average fitness: 0.48295 stdev: 0.10308
Best fitness: 0.7823870058 - size: (3, 10) - species 11 - id 4953
Species length: 13 totalizing 150 individuals
Species ID       : [1, 8, 11, 29, 31, 38, 40, 42, 43, 45, 47, 50, 51]
Each species size: [5, 3, 2, 8, 26, 13, 24, 12, 16, 13, 15, 12, 1]
Amount to spawn  : [3, 3, 3, 10, 13, 13, 14, 13, 16, 16, 16, 14, 16]
Species age      : [53, 47, 45, 24, 23, 17, 15, 12, 9, 8, 4, 1, 0]
Species no improv: [7, 9, 13, 7, 8, 7, 3, 2, 1, 8, 4, 1, 0]

 ****** Running generation 54 ****** 

Removing species 51 for being empty
Population's average fitness: 0.48628 stdev: 0.10966
Best fitness: 0.7823870058 - size: (3, 10) - species 11 - id 4953
Species length: 14 totalizing 150 individuals
Species ID       : [1, 8, 11, 29, 31, 38, 40, 42, 43, 45, 47, 50, 52, 53]
Each species size: [3, 3, 3, 10, 13, 13, 14, 18, 16, 32, 16, 5, 3, 1]
Amount to spawn  : [3, 3, 3, 8, 12, 14, 14, 11, 14, 14, 13, 12, 15, 15]
Species age      : [54, 48, 46, 25, 24, 18, 16, 13, 10, 9, 5, 2, 0, 0]
Species no improv: [8, 10, 14, 8, 9, 8, 4, 3, 0, 9, 5, 2, 0, 0]
   Removing 1 excess individual(s) from the new population

 ****** Running generation 55 ****** 

Removing species 52 for being empty
Population's average fitness: 0.49956 stdev: 0.09211
Best fitness: 0.7823870058 - size: (3, 10) - species 11 - id 4953
Species length: 14 totalizing 150 individuals
Species ID       : [1, 8, 11, 29, 31, 38, 40, 42, 43, 45, 47, 50, 53, 54]
Each species size: [3, 3, 3, 8, 11, 14, 14, 18, 14, 14, 13, 20, 14, 1]
Amount to spawn  : [3, 3, 3, 10, 12, 12, 14, 12, 13, 11, 15, 14, 14, 15]
Species age      : [55, 49, 47, 26, 25, 19, 17, 14, 11, 10, 6, 3, 1, 0]
Species no improv: [9, 11, 0, 9, 10, 9, 5, 4, 1, 10, 6, 3, 1, 0]
   Removing 1 excess individual(s) from the new population

 ****** Running generation 56 ****** 

Population's average fitness: 0.48354 stdev: 0.11022
Best fitness: 0.7823870058 - size: (3, 10) - species 11 - id 4953
Species length: 14 totalizing 150 individuals
Species ID       : [1, 8, 11, 29, 31, 38, 40, 42, 43, 45, 47, 50, 53, 54]
Each species size: [3, 3, 3, 10, 12, 12, 14, 25, 13, 11, 15, 1, 14, 14]
Amount to spawn  : [3, 3, 3, 8, 13, 13, 16, 12, 13, 12, 13, 15, 13, 14]
Species age      : [56, 50, 48, 27, 26, 20, 18, 15, 12, 11, 7, 4, 2, 1]
Species no improv: [10, 12, 1, 10, 11, 10, 0, 5, 2, 11, 7, 4, 2, 1]
   Removing 1 excess individual(s) from the new population

 ****** Running generation 57 ****** 

Population's average fitness: 0.47531 stdev: 0.10776
Best fitness: 0.7823870058 - size: (3, 10) - species 11 - id 4953
Species length: 14 totalizing 150 individuals
Species ID       : [1, 8, 11, 29, 31, 38, 40, 42, 43, 45, 47, 50, 53, 54]
Each species size: [3, 3, 3, 8, 13, 13, 16, 12, 13, 12, 13, 15, 13, 13]
Amount to spawn  : [3, 3, 2, 9, 12, 12, 14, 12, 12, 12, 15, 14, 13, 15]
Species age      : [57, 51, 49, 28, 27, 21, 19, 16, 13, 12, 8, 5, 3, 2]
Species no improv: [11, 13, 2, 11, 12, 11, 1, 6, 3, 12, 8, 5, 3, 2]
   Producing 2 more individual(s) to fill up the new population

 ****** Running generation 58 ****** 

Population's average fitness: 0.48490 stdev: 0.10328
Best fitness: 0.7823870058 - size: (3, 10) - species 11 - id 4953
Species length: 14 totalizing 150 individuals
Species ID       : [1, 8, 11, 29, 31, 38, 40, 42, 43, 45, 47, 50, 53, 54]
Each species size: [3, 3, 2, 9, 12, 12, 14, 12, 12, 12, 15, 16, 13, 15]
Amount to spawn  : [3, 3, 3, 9, 12, 13, 13, 11, 14, 13, 14, 15, 14, 15]
Species age      : [58, 52, 50, 29, 28, 22, 20, 17, 14, 13, 9, 6, 4, 3]
Species no improv: [12, 14, 3, 12, 13, 12, 2, 7, 0, 13, 9, 6, 4, 3]
   Removing 2 excess individual(s) from the new population

 ****** Running generation 59 ****** 

Population's average fitness: 0.49214 stdev: 0.10019
Best fitness: 0.7823870058 - size: (3, 10) - species 11 - id 4953
Species length: 15 totalizing 150 individuals
Species ID       : [1, 8, 11, 29, 31, 38, 40, 42, 43, 45, 47, 50, 53, 54, 55]
Each species size: [3, 3, 3, 9, 12, 13, 13, 11, 14, 13, 13, 15, 14, 13, 1]
Amount to spawn  : [2, 3, 2, 9, 11, 13, 14, 11, 12, 11, 12, 12, 13, 14, 8]
Species age      : [59, 53, 51, 30, 29, 23, 21, 18, 15, 14, 10, 7, 5, 4, 0]
Species no improv: [13, 15, 4, 13, 14, 13, 3, 8, 1, 14, 10, 7, 5, 4, 0]
   Producing 3 more individual(s) to fill up the new population

 ****** Running generation 60 ****** 

Population's average fitness: 0.47274 stdev: 0.11688
Best fitness: 0.7823870058 - size: (3, 10) - species 11 - id 4953
Species length: 16 totalizing 150 individuals
Species ID       : [1, 8, 11, 29, 31, 38, 40, 42, 43, 45, 47, 50, 53, 54, 55, 56]
Each species size: [2, 3, 2, 9, 11, 13, 14, 13, 13, 11, 14, 11, 13, 14, 6, 1]
Amount to spawn  : [3, 2, 2, 2, 10, 11, 14, 9, 12, 11, 11, 13, 12, 12, 13, 14]
Species age      : [60, 54, 52, 31, 30, 24, 22, 19, 16, 15, 11, 8, 6, 5, 1, 0]
Species no improv: [14, 16, 5, 14, 15, 14, 4, 9, 2, 15, 11, 8, 6, 5, 0, 0]
   Removing 1 excess individual(s) from the new population

 ****** Running generation 61 ****** 


   Species  8 (with  2 individuals) is stagnated: removing it
Population's average fitness: 0.49602 stdev: 0.08747
Best fitness: 0.7823870058 - size: (3, 10) - species 11 - id 4953
Species length: 16 totalizing 148 individuals
Species ID       : [1, 11, 29, 31, 38, 40, 42, 43, 45, 47, 50, 53, 54, 55, 56, 57]
Each species size: [3, 2, 2, 10, 11, 14, 9, 11, 11, 11, 13, 12, 12, 13, 13, 1]
Amount to spawn  : [3, 2, 2, 2, 11, 13, 9, 11, 10, 10, 13, 13, 12, 12, 13, 13]
Species age      : [61, 53, 32, 31, 25, 23, 20, 17, 16, 12, 9, 7, 6, 2, 1, 0]
Species no improv: [15, 6, 0, 16, 15, 5, 10, 3, 16, 12, 9, 7, 6, 0, 1, 0]
   Producing 1 more individual(s) to fill up the new population

 ****** Running generation 62 ****** 


Best individual found in epoch 62 - complexity: (8, 14)
Number of evaluations: 8694
You dot not have the Biggles package.
You dot not have the Biggles package.

Best network output:
0.00000 	 0.00000
1.00000 	 1.00000
1.00000 	 1.00000
0.00000 	 0.03072
