Biggles is not installed. If you wish to automatically plot some nice statistics please install it: http://biggles.sourceforge.net/

 ****** Running generation 0 ****** 

Population's average fitness: 0.39099 stdev: 0.06677
Best fitness: 0.4982639981 - size: (0, 2) - species 1 - id 103
Species length: 1 totalizing 150 individuals
Species ID       : [1]
Each species size: [150]
Amount to spawn  : [150]
Species age      : [0]
Species no improv: [0]

 ****** Running generation 1 ****** 

Population's average fitness: 0.38827 stdev: 0.06717
Best fitness: 0.4982639981 - size: (0, 2) - species 1 - id 103
Species length: 1 totalizing 150 individuals
Species ID       : [1]
Each species size: [150]
Amount to spawn  : [150]
Species age      : [1]
Species no improv: [1]

 ****** Running generation 2 ****** 

Population's average fitness: 0.38429 stdev: 0.07878
Best fitness: 0.4993317413 - size: (0, 2) - species 1 - id 394
Species length: 2 totalizing 150 individuals
Species ID       : [1, 2]
Each species size: [149, 1]
Amount to spawn  : [67, 83]
Species age      : [2, 0]
Species no improv: [2, 0]

 ****** Running generation 3 ****** 

Population's average fitness: 0.37370 stdev: 0.07325
Best fitness: 0.4995761330 - size: (0, 2) - species 1 - id 450
Species length: 2 totalizing 150 individuals
Species ID       : [1, 2]
Each species size: [95, 55]
Amount to spawn  : [77, 73]
Species age      : [3, 1]
Species no improv: [3, 1]

 ****** Running generation 4 ****** 

Population's average fitness: 0.40502 stdev: 0.08454
Best fitness: 0.5057613624 - size: (1, 4) - species 7 - id 740
Species length: 7 totalizing 150 individuals
Species ID       : [1, 2, 3, 4, 5, 6, 7]
Each species size: [69, 54, 3, 1, 18, 1, 4]
Amount to spawn  : [22, 20, 25, 25, 18, 20, 21]
Species age      : [4, 2, 0, 0, 0, 0, 0]
Species no improv: [0, 2, 0, 0, 0, 0, 0]
   Removing 1 excess individual(s) from the new population

 ****** Running generation 5 ****** 

Population's average fitness: 0.42030 stdev: 0.08418
Best fitness: 0.5057613624 - size: (1, 4) - species 2 - id 740
Species length: 11 totalizing 150 individuals
Species ID       : [1, 2, 3, 4, 5, 6, 7, 8, 9, 10, 11]
Each species size: [24, 30, 24, 21, 16, 20, 10, 1, 2, 1, 1]
Amount to spawn  : [16, 14, 17, 17, 15, 12, 14, 10, 14, 10, 10]
Species age      : [5, 3, 1, 1, 1, 1, 1, 0, 0, 0, 0]
Species no improv: [0, 3, 1, 1, 0, 1, 1, 0, 0, 0, 0]
   Producing 1 more individual(s) to fill up the new population

 ****** Running generation 6 ****** 

Removing species 4 for being empty
Removing species 5 for being empty
Removing species 7 for being empty
Population's average fitness: 0.40661 stdev: 0.09249
Best fitness: 0.5057613624 - size: (1, 4) - species 2 - id 740
Species length: 9 totalizing 150 individuals
Species ID       : [1, 2, 3, 6, 8, 9, 10, 11, 12]
Each species size: [32, 44, 19, 13, 11, 14, 6, 9, 2]
Amount to spawn  : [21, 18, 19, 15, 13, 16, 14, 13, 21]
Species age      : [6, 4, 2, 2, 1, 1, 1, 1, 0]
Species no improv: [0, 4, 2, 2, 0, 1, 0, 0, 0]

 ****** Running generation 7 ****** 

Population's average fitness: 0.43198 stdev: 0.08334
Best fitness: 0.5100935982 - size: (1, 4) - species 2 - id 1058
Species length: 12 totalizing 150 individuals
Species ID       : [1, 2, 3, 6, 8, 9, 10, 11, 12, 13, 14, 15]
Each species size: [27, 20, 15, 16, 14, 16, 14, 12, 10, 2, 3, 1]
Amount to spawn  : [14, 12, 14, 13, 12, 12, 15, 10, 13, 15, 11, 9]
Species age      : [7, 5, 3, 3, 2, 2, 2, 2, 1, 0, 0, 0]
Species no improv: [0, 5, 3, 0, 0, 2, 0, 0, 1, 0, 0, 0]

 ****** Running generation 8 ****** 

Removing species 8 for being empty
Removing species 13 for being empty
Population's average fitness: 0.43698 stdev: 0.08928
Best fitness: 0.5100935982 - size: (1, 4) - species 2 - id 1058
Species length: 12 totalizing 150 individuals
Species ID       : [1, 2, 3, 6, 9, 10, 11, 12, 14, 15, 16, 17]
Each species size: [22, 21, 4, 8, 12, 30, 10, 15, 10, 13, 4, 1]
Amount to spawn  : [14, 10, 14, 10, 10, 14, 10, 14, 12, 13, 13, 14]
Species age      : [8, 6, 4, 4, 3, 3, 3, 2, 1, 1, 0, 0]
Species no improv: [0, 6, 0, 1, 3, 0, 1, 2, 0, 0, 0, 0]
   Producing 2 more individual(s) to fill up the new population

 ****** Running generation 9 ****** 

Removing species 12 for being empty
Removing species 15 for being empty
Removing species 17 for being empty
Population's average fitness: 0.44559 stdev: 0.08995
Best fitness: 0.5258785915 - size: (1, 4) - species 2 - id 1325
Species length: 10 totalizing 150 individuals
Species ID       : [1, 2, 3, 6, 9, 10, 11, 14, 16, 18]
Each species size: [30, 18, 13, 24, 8, 27, 10, 5, 13, 2]
Amount to spawn  : [16, 15, 17, 15, 13, 17, 13, 15, 14, 15]
Species age      : [9, 7, 5, 5, 4, 4, 4, 2, 1, 0]
Species no improv: [1, 7, 1, 0, 4, 1, 0, 0, 1, 0]

 ****** Running generation 10 ****** 

Population's average fitness: 0.43803 stdev: 0.08739
Best fitness: 0.5258785915 - size: (1, 4) - species 2 - id 1325
Species length: 10 totalizing 150 individuals
Species ID       : [1, 2, 3, 6, 9, 10, 11, 14, 16, 18]
Each species size: [16, 17, 17, 15, 27, 17, 13, 13, 14, 1]
Amount to spawn  : [14, 15, 18, 17, 14, 18, 12, 16, 14, 11]
Species age      : [10, 8, 6, 6, 5, 5, 5, 3, 2, 1]
Species no improv: [2, 8, 2, 0, 5, 0, 1, 0, 2, 1]
   Producing 1 more individual(s) to fill up the new population

 ****** Running generation 11 ****** 

Removing species 18 for being empty
Population's average fitness: 0.44633 stdev: 0.08754
Best fitness: 0.5437164326 - size: (3, 6) - species 11 - id 1682
Species length: 10 totalizing 150 individuals
Species ID       : [1, 2, 3, 6, 9, 10, 11, 14, 16, 19]
Each species size: [15, 15, 17, 17, 25, 21, 12, 13, 14, 1]
Amount to spawn  : [14, 15, 16, 16, 12, 17, 11, 17, 15, 17]
Species age      : [11, 9, 7, 7, 6, 6, 6, 4, 3, 0]
Species no improv: [3, 9, 3, 0, 6, 1, 2, 0, 3, 0]

 ****** Running generation 12 ****** 

Removing species 19 for being empty
Population's average fitness: 0.45311 stdev: 0.08006
Best fitness: 0.5437164326 - size: (3, 6) - species 11 - id 1682
Species length: 9 totalizing 150 individuals
Species ID       : [1, 2, 3, 6, 9, 10, 11, 14, 16]
Each species size: [15, 17, 31, 16, 12, 25, 11, 8, 15]
Amount to spawn  : [16, 13, 19, 18, 15, 19, 14, 19, 17]
Species age      : [12, 10, 8, 8, 7, 7, 7, 5, 4]
Species no improv: [0, 10, 4, 1, 7, 2, 3, 1, 4]

 ****** Running generation 13 ****** 

Population's average fitness: 0.45278 stdev: 0.07963
Best fitness: 0.5745991292 - size: (3, 6) - species 11 - id 1964
Species length: 9 totalizing 150 individuals
Species ID       : [1, 2, 3, 6, 9, 10, 11, 14, 16]
Each species size: [17, 13, 19, 18, 15, 36, 14, 1, 17]
Amount to spawn  : [16, 15, 20, 19, 14, 20, 16, 12, 17]
Species age      : [13, 11, 9, 9, 8, 8, 8, 6, 5]
Species no improv: [1, 11, 0, 2, 8, 3, 0, 2, 5]
   Producing 1 more individual(s) to fill up the new population

 ****** Running generation 14 ****** 

Population's average fitness: 0.43185 stdev: 0.09800
Best fitness: 0.6400347546 - size: (1, 4) - species 2 - id 2024
Species length: 13 totalizing 150 individuals
Species ID       : [1, 2, 3, 6, 9, 10, 11, 14, 16, 20, 21, 22, 23]
Each species size: [22, 15, 17, 19, 13, 14, 16, 12, 17, 1, 1, 2, 1]
Amount to spawn  : [11, 10, 12, 11, 12, 14, 10, 8, 12, 14, 8, 13, 14]
Species age      : [14, 12, 10, 10, 9, 9, 9, 7, 6, 0, 0, 0, 0]
Species no improv: [2, 12, 1, 3, 0, 4, 1, 3, 6, 0, 0, 0, 0]
   Producing 1 more individual(s) to fill up the new population

 ****** Running generation 15 ****** 

Removing species 10 for being empty
Population's average fitness: 0.44526 stdev: 0.08851
Best fitness: 0.6400347546 - size: (1, 4) - species 2 - id 2024
Species length: 12 totalizing 150 individuals
Species ID       : [1, 2, 3, 6, 9, 11, 14, 16, 20, 21, 22, 23]
Each species size: [25, 11, 26, 11, 12, 10, 8, 12, 14, 4, 3, 14]
Amount to spawn  : [13, 13, 13, 12, 11, 9, 10, 15, 15, 10, 16, 13]
Species age      : [15, 13, 11, 11, 10, 10, 8, 7, 1, 1, 1, 1]
Species no improv: [0, 0, 2, 4, 1, 2, 4, 0, 1, 0, 0, 1]

 ****** Running generation 16 ****** 

Removing species 22 for being empty
Population's average fitness: 0.46398 stdev: 0.08999
Best fitness: 0.6400347546 - size: (1, 4) - species 2 - id 2024
Species length: 11 totalizing 150 individuals
Species ID       : [1, 2, 3, 6, 9, 11, 14, 16, 20, 21, 23]
Each species size: [13, 13, 30, 12, 11, 9, 10, 15, 15, 9, 13]
Amount to spawn  : [14, 15, 14, 12, 10, 12, 17, 15, 16, 12, 14]
Species age      : [16, 14, 12, 12, 11, 11, 9, 8, 2, 2, 2]
Species no improv: [1, 0, 3, 5, 2, 0, 0, 1, 2, 0, 2]
   Removing 1 excess individual(s) from the new population

 ****** Running generation 17 ****** 

Population's average fitness: 0.47120 stdev: 0.08423
Best fitness: 0.6441497990 - size: (1, 4) - species 2 - id 2443
Species length: 11 totalizing 150 individuals
Species ID       : [1, 2, 3, 6, 9, 11, 14, 16, 20, 21, 23]
Each species size: [15, 15, 15, 12, 10, 12, 17, 15, 15, 11, 13]
Amount to spawn  : [13, 15, 14, 13, 11, 11, 13, 16, 16, 14, 15]
Species age      : [17, 15, 13, 13, 12, 12, 10, 9, 3, 3, 3]
Species no improv: [2, 0, 0, 6, 3, 1, 1, 0, 3, 0, 3]
   Removing 1 excess individual(s) from the new population

 ****** Running generation 18 ****** 

Population's average fitness: 0.48417 stdev: 0.07023
Best fitness: 0.6442540506 - size: (1, 4) - species 2 - id 2578
Species length: 13 totalizing 150 individuals
Species ID       : [1, 2, 3, 6, 9, 11, 14, 16, 20, 21, 23, 24, 25]
Each species size: [13, 17, 14, 13, 11, 10, 13, 16, 16, 12, 13, 1, 1]
Amount to spawn  : [11, 11, 11, 10, 9, 11, 10, 11, 13, 13, 12, 15, 13]
Species age      : [18, 16, 14, 14, 13, 13, 11, 10, 4, 4, 4, 0, 0]
Species no improv: [3, 1, 0, 7, 4, 0, 2, 0, 4, 0, 4, 0, 0]

 ****** Running generation 19 ****** 

Population's average fitness: 0.45064 stdev: 0.09366
Best fitness: 0.6442540506 - size: (1, 4) - species 2 - id 2578
Species length: 13 totalizing 150 individuals
Species ID       : [1, 2, 3, 6, 9, 11, 14, 16, 20, 21, 23, 24, 25]
Each species size: [11, 11, 14, 10, 9, 11, 10, 11, 13, 10, 24, 15, 1]
Amount to spawn  : [12, 11, 12, 11, 9, 9, 10, 12, 14, 12, 13, 10, 14]
Species age      : [19, 17, 15, 15, 14, 14, 12, 11, 5, 5, 5, 1, 1]
Species no improv: [4, 2, 1, 8, 5, 1, 3, 1, 5, 1, 5, 1, 0]
   Producing 1 more individual(s) to fill up the new population

 ****** Running generation 20 ****** 

Population's average fitness: 0.45961 stdev: 0.08084
Best fitness: 0.6442540506 - size: (1, 4) - species 2 - id 2718
Species length: 13 totalizing 150 individuals
Species ID       : [1, 2, 3, 6, 9, 11, 14, 16, 20, 21, 23, 24, 25]
Each species size: [12, 11, 17, 11, 9, 9, 10, 12, 14, 7, 13, 11, 14]
Amount to spawn  : [12, 11, 12, 11, 10, 9, 12, 12, 14, 13, 12, 11, 11]
Species age      : [20, 18, 16, 16, 15, 15, 13, 12, 6, 6, 6, 2, 2]
Species no improv: [0, 3, 2, 9, 0, 2, 0, 0, 6, 2, 6, 2, 1]

 ****** Running generation 21 ****** 

Population's average fitness: 0.47226 stdev: 0.08165
Best fitness: 0.6442540506 - size: (1, 4) - species 2 - id 2718
Species length: 13 totalizing 150 individuals
Species ID       : [1, 2, 3, 6, 9, 11, 14, 16, 20, 21, 23, 24, 25]
Each species size: [12, 13, 13, 11, 10, 9, 12, 12, 14, 10, 12, 11, 11]
Amount to spawn  : [11, 12, 11, 11, 10, 11, 11, 11, 14, 13, 11, 12, 11]
Species age      : [21, 19, 17, 17, 16, 16, 14, 13, 7, 7, 7, 3, 3]
Species no improv: [1, 4, 3, 0, 1, 0, 1, 1, 7, 3, 7, 3, 2]
   Producing 1 more individual(s) to fill up the new population

 ****** Running generation 22 ****** 

Population's average fitness: 0.45954 stdev: 0.09124
Best fitness: 0.6442540506 - size: (1, 4) - species 2 - id 2991
Species length: 13 totalizing 150 individuals
Species ID       : [1, 2, 3, 6, 9, 11, 14, 16, 20, 21, 23, 24, 25]
Each species size: [11, 12, 14, 11, 10, 11, 11, 11, 14, 10, 11, 13, 11]
Amount to spawn  : [12, 13, 12, 12, 10, 9, 11, 11, 14, 14, 12, 11, 10]
Species age      : [22, 20, 18, 18, 17, 17, 15, 14, 8, 8, 8, 4, 4]
Species no improv: [2, 5, 4, 0, 0, 1, 2, 2, 8, 4, 8, 4, 3]
   Removing 1 excess individual(s) from the new population

 ****** Running generation 23 ****** 

Population's average fitness: 0.46394 stdev: 0.08723
Best fitness: 0.6442540506 - size: (1, 4) - species 2 - id 2991
Species length: 13 totalizing 150 individuals
Species ID       : [1, 2, 3, 6, 9, 11, 14, 16, 20, 21, 23, 24, 25]
Each species size: [12, 13, 17, 12, 10, 9, 11, 11, 14, 9, 12, 11, 9]
Amount to spawn  : [12, 13, 12, 12, 9, 9, 10, 12, 14, 13, 12, 12, 11]
Species age      : [23, 21, 19, 19, 18, 18, 16, 15, 9, 9, 9, 5, 5]
Species no improv: [3, 6, 5, 1, 1, 2, 3, 3, 9, 5, 9, 5, 4]
   Removing 1 excess individual(s) from the new population

 ****** Running generation 24 ****** 

Population's average fitness: 0.47629 stdev: 0.07934
Best fitness: 0.6442540506 - size: (1, 4) - species 2 - id 3261
Species length: 16 totalizing 150 individuals
Species ID       : [1, 2, 3, 6, 9, 11, 14, 16, 20, 21, 23, 24, 25, 26, 27, 28]
Each species size: [12, 13, 21, 12, 9, 9, 9, 12, 14, 4, 12, 10, 10, 1, 1, 1]
Amount to spawn  : [9, 10, 9, 9, 8, 7, 9, 9, 9, 8, 9, 9, 10, 11, 13, 10]
Species age      : [24, 22, 20, 20, 19, 19, 17, 16, 10, 10, 10, 6, 6, 0, 0, 0]
Species no improv: [4, 7, 6, 0, 2, 3, 4, 0, 10, 6, 10, 6, 5, 0, 0, 0]
   Producing 1 more individual(s) to fill up the new population

 ****** Running generation 25 ****** 

Removing species 27 for being empty
Population's average fitness: 0.46042 stdev: 0.08926
Best fitness: 0.6442540506 - size: (1, 4) - species 2 - id 3261
Species length: 17 totalizing 150 individuals
Species ID       : [1, 2, 3, 6, 9, 11, 14, 16, 20, 21, 23, 24, 25, 26, 28, 29, 30]
Each species size: [9, 10, 13, 9, 8, 7, 10, 9, 9, 2, 9, 22, 10, 11, 10, 1, 1]
Amount to spawn  : [9, 10, 9, 9, 9, 8, 9, 9, 9, 6, 10, 10, 8, 11, 9, 7, 7]
Species age      : [25, 23, 21, 21, 20, 20, 18, 17, 11, 11, 11, 7, 7, 1, 1, 0, 0]
Species no improv: [5, 8, 7, 1, 0, 4, 0, 1, 11, 7, 0, 7, 6, 1, 1, 0, 0]
   Producing 1 more individual(s) to fill up the new population

 ****** Running generation 26 ****** 

Removing species 29 for being empty
Population's average fitness: 0.44400 stdev: 0.10750
Best fitness: 0.6447175335 - size: (1, 4) - species 2 - id 3670
Species length: 16 totalizing 150 individuals
Species ID       : [1, 2, 3, 6, 9, 11, 14, 16, 20, 21, 23, 24, 25, 26, 28, 30]
Each species size: [9, 10, 21, 9, 9, 8, 11, 10, 9, 2, 10, 10, 8, 8, 9, 7]
Amount to spawn  : [10, 12, 8, 10, 8, 8, 8, 10, 10, 8, 11, 9, 10, 12, 9, 7]
Species age      : [26, 24, 22, 22, 21, 21, 19, 18, 12, 12, 12, 8, 8, 2, 2, 1]
Species no improv: [6, 0, 8, 2, 1, 5, 1, 2, 12, 8, 0, 8, 7, 2, 2, 0]

 ****** Running generation 27 ****** 

Removing species 26 for being empty
Population's average fitness: 0.45952 stdev: 0.09236
Best fitness: 0.6447175335 - size: (1, 4) - species 2 - id 3670
Species length: 15 totalizing 150 individuals
Species ID       : [1, 2, 3, 6, 9, 11, 14, 16, 20, 21, 23, 24, 25, 28, 30]
Each species size: [10, 14, 12, 10, 8, 8, 20, 10, 10, 6, 11, 11, 10, 7, 3]
Amount to spawn  : [10, 11, 10, 11, 9, 9, 11, 11, 11, 7, 11, 11, 10, 10, 9]
Species age      : [27, 25, 23, 23, 22, 22, 20, 19, 13, 13, 13, 9, 9, 3, 2]
Species no improv: [7, 1, 9, 3, 2, 6, 2, 3, 13, 9, 1, 9, 8, 3, 0]
   Removing 1 excess individual(s) from the new population

 ****** Running generation 28 ****** 

Removing species 30 for being empty
Population's average fitness: 0.44580 stdev: 0.10281
Best fitness: 0.6447175335 - size: (1, 4) - species 2 - id 3670
Species length: 14 totalizing 150 individuals
Species ID       : [1, 2, 3, 6, 9, 11, 14, 16, 20, 21, 23, 24, 25, 28]
Each species size: [10, 15, 6, 11, 9, 9, 11, 11, 11, 15, 11, 11, 10, 10]
Amount to spawn  : [12, 13, 10, 11, 10, 9, 12, 11, 12, 7, 11, 10, 8, 13]
Species age      : [28, 26, 24, 24, 23, 23, 21, 20, 14, 14, 14, 10, 10, 4]
Species no improv: [8, 2, 10, 4, 3, 7, 0, 4, 14, 10, 2, 10, 9, 4]
   Producing 1 more individual(s) to fill up the new population

 ****** Running generation 29 ****** 

Population's average fitness: 0.46180 stdev: 0.09326
Best fitness: 0.6447175335 - size: (1, 4) - species 2 - id 3945
Species length: 15 totalizing 150 individuals
Species ID       : [1, 2, 3, 6, 9, 11, 14, 16, 20, 21, 23, 24, 25, 28, 31]
Each species size: [12, 13, 10, 11, 10, 9, 12, 11, 11, 8, 11, 10, 8, 13, 1]
Amount to spawn  : [11, 11, 11, 11, 11, 9, 10, 11, 11, 8, 11, 9, 8, 11, 8]
Species age      : [29, 27, 25, 25, 24, 24, 22, 21, 15, 15, 15, 11, 11, 5, 0]
Species no improv: [9, 3, 11, 5, 0, 8, 1, 0, 15, 11, 3, 11, 10, 5, 0]
   Removing 1 excess individual(s) from the new population

 ****** Running generation 30 ****** 

Population's average fitness: 0.45389 stdev: 0.10109
Best fitness: 0.6447175335 - size: (1, 4) - species 2 - id 4083
Species length: 15 totalizing 150 individuals
Species ID       : [1, 2, 3, 6, 9, 11, 14, 16, 20, 21, 23, 24, 25, 28, 31]
Each species size: [11, 14, 8, 11, 11, 9, 10, 11, 16, 8, 11, 9, 8, 11, 2]
Amount to spawn  : [11, 11, 10, 10, 11, 9, 11, 11, 9, 8, 11, 9, 10, 11, 8]
Species age      : [30, 28, 26, 26, 25, 25, 23, 22, 16, 16, 16, 12, 12, 6, 1]
Species no improv: [10, 4, 12, 6, 0, 9, 2, 1, 16, 12, 4, 12, 11, 6, 0]

 ****** Running generation 31 ****** 


   Species 20 (with 10 individuals) is stagnated: removing it
Population's average fitness: 0.45936 stdev: 0.11253
Best fitness: 0.6447175335 - size: (1, 4) - species 2 - id 4083
Species length: 14 totalizing 140 individuals
Species ID       : [1, 2, 3, 6, 9, 11, 14, 16, 21, 23, 24, 25, 28, 31]
Each species size: [11, 14, 7, 10, 11, 9, 11, 11, 8, 11, 9, 10, 11, 7]
Amount to spawn  : [2, 12, 13, 12, 12, 11, 12, 12, 10, 13, 10, 11, 12, 7]
Species age      : [31, 29, 27, 27, 26, 26, 24, 23, 17, 17, 13, 13, 7, 2]
Species no improv: [11, 5, 0, 7, 1, 10, 3, 2, 13, 5, 13, 12, 7, 1]
   Producing 1 more individual(s) to fill up the new population

 ****** Running generation 32 ****** 

Population's average fitness: 0.43545 stdev: 0.12272
Best fitness: 0.6447175335 - size: (1, 4) - species 2 - id 4083
Species length: 15 totalizing 150 individuals
Species ID       : [1, 2, 3, 6, 9, 11, 14, 16, 21, 23, 24, 25, 28, 31, 32]
Each species size: [2, 13, 12, 12, 12, 11, 13, 11, 10, 13, 10, 11, 12, 7, 1]
Amount to spawn  : [2, 11, 12, 12, 13, 10, 10, 12, 10, 13, 9, 10, 10, 7, 9]
Species age      : [32, 30, 28, 28, 27, 27, 25, 24, 18, 18, 14, 14, 8, 3, 0]
Species no improv: [12, 6, 1, 8, 0, 11, 4, 3, 14, 6, 14, 13, 8, 2, 0]

 ****** Running generation 33 ****** 

Removing species 32 for being empty
Population's average fitness: 0.44200 stdev: 0.12910
Best fitness: 0.6971427954 - size: (3, 10) - species 11 - id 4655
Species length: 16 totalizing 150 individuals
Species ID       : [1, 2, 3, 6, 9, 11, 14, 16, 21, 23, 24, 25, 28, 31, 33, 34]
Each species size: [2, 11, 12, 12, 13, 10, 10, 21, 8, 13, 9, 10, 10, 7, 1, 1]
Amount to spawn  : [2, 3, 13, 12, 12, 11, 13, 11, 8, 13, 9, 9, 12, 7, 9, 4]
Species age      : [33, 31, 29, 29, 28, 28, 26, 25, 19, 19, 15, 15, 9, 4, 0, 0]
Species no improv: [13, 0, 0, 9, 1, 12, 5, 4, 15, 7, 15, 14, 9, 3, 0, 0]
   Producing 2 more individual(s) to fill up the new population

 ****** Running generation 34 ****** 

Population's average fitness: 0.43539 stdev: 0.12367
Best fitness: 0.6971427954 - size: (3, 10) - species 11 - id 4655
Species length: 17 totalizing 150 individuals
Species ID       : [1, 2, 3, 6, 9, 11, 14, 16, 21, 23, 24, 25, 28, 31, 33, 34, 35]
Each species size: [2, 3, 13, 12, 12, 11, 13, 11, 11, 15, 9, 9, 9, 7, 9, 1, 3]
Amount to spawn  : [2, 2, 12, 10, 12, 9, 11, 11, 8, 11, 9, 9, 9, 9, 9, 4, 13]
Species age      : [34, 32, 30, 30, 29, 29, 27, 26, 20, 20, 16, 16, 10, 5, 1, 1, 0]
Species no improv: [14, 1, 1, 10, 2, 13, 6, 5, 16, 8, 16, 15, 10, 0, 0, 0, 0]

 ****** Running generation 35 ****** 


   Species 21 (with  8 individuals) is stagnated: removing it

   Species 24 (with  9 individuals) is stagnated: removing it
Population's average fitness: 0.44411 stdev: 0.11507
Best fitness: 0.6971427954 - size: (3, 10) - species 11 - id 4655
Species length: 16 totalizing 133 individuals
Species ID       : [1, 2, 3, 6, 9, 11, 14, 16, 23, 25, 28, 31, 33, 34, 35, 36]
Each species size: [2, 2, 12, 10, 12, 9, 11, 10, 11, 9, 9, 9, 9, 4, 13, 1]
Amount to spawn  : [3, 3, 3, 3, 13, 11, 13, 12, 13, 10, 11, 12, 12, 5, 13, 15]
Species age      : [35, 33, 31, 31, 30, 30, 28, 27, 21, 17, 11, 6, 2, 2, 1, 0]
Species no improv: [15, 2, 0, 11, 3, 14, 7, 6, 9, 16, 11, 0, 0, 0, 1, 0]
   Removing 2 excess individual(s) from the new population

 ****** Running generation 36 ****** 


   Species 25 (with 10 individuals) is stagnated: removing it
Population's average fitness: 0.47441 stdev: 0.10415
Best fitness: 0.8552372325 - size: (3, 10) - species 11 - id 5028
Species length: 16 totalizing 140 individuals
Species ID       : [1, 2, 3, 6, 9, 11, 14, 16, 23, 28, 31, 33, 34, 35, 36, 37]
Each species size: [3, 3, 3, 3, 13, 11, 13, 21, 12, 11, 12, 12, 5, 13, 4, 1]
Amount to spawn  : [3, 3, 3, 3, 3, 2, 13, 13, 14, 12, 13, 15, 9, 14, 16, 16]
Species age      : [36, 34, 32, 32, 31, 31, 29, 28, 22, 12, 7, 3, 3, 2, 1, 0]
Species no improv: [16, 3, 0, 12, 0, 15, 8, 7, 10, 0, 0, 0, 0, 2, 1, 0]
   Removing 2 excess individual(s) from the new population

 ****** Running generation 37 ****** 


   Species  1 (with  3 individuals) is stagnated: removing it
Population's average fitness: 0.45756 stdev: 0.10851
Best fitness: 0.8552372325 - size: (3, 10) - species 11 - id 5028
Species length: 16 totalizing 147 individuals
Species ID       : [2, 3, 6, 9, 11, 14, 16, 23, 28, 31, 33, 34, 35, 36, 37, 38]
Each species size: [3, 8, 3, 3, 2, 13, 28, 13, 12, 8, 15, 9, 14, 1, 14, 1]
Amount to spawn  : [3, 2, 2, 3, 3, 11, 12, 13, 11, 13, 12, 9, 11, 15, 13, 17]
Species age      : [35, 33, 33, 32, 32, 30, 29, 23, 13, 8, 4, 4, 3, 2, 1, 0]
Species no improv: [4, 1, 13, 0, 0, 9, 8, 11, 1, 0, 1, 1, 3, 2, 1, 0]

 ****** Running generation 38 ****** 

Population's average fitness: 0.44656 stdev: 0.12507
Best fitness: 0.8552372325 - size: (3, 10) - species 11 - id 5028
Species length: 16 totalizing 150 individuals
Species ID       : [2, 3, 6, 9, 11, 14, 16, 23, 28, 31, 33, 34, 35, 36, 37, 38]
Each species size: [3, 2, 2, 3, 3, 11, 25, 13, 11, 13, 12, 9, 11, 2, 13, 17]
Amount to spawn  : [3, 3, 3, 3, 3, 2, 12, 14, 11, 14, 10, 10, 13, 16, 15, 17]
Species age      : [36, 34, 34, 33, 33, 31, 30, 24, 14, 9, 5, 5, 4, 3, 2, 1]
Species no improv: [5, 0, 14, 1, 0, 10, 9, 12, 2, 1, 2, 0, 4, 3, 2, 1]
   Producing 1 more individual(s) to fill up the new population

 ****** Running generation 39 ****** 

Removing species 36 for being empty
Population's average fitness: 0.46752 stdev: 0.11363
Best fitness: 0.8552372325 - size: (3, 10) - species 11 - id 5028
Species length: 16 totalizing 150 individuals
Species ID       : [2, 3, 6, 9, 11, 14, 16, 23, 28, 31, 33, 34, 35, 37, 38, 39]
Each species size: [4, 3, 3, 3, 3, 2, 28, 15, 10, 13, 10, 10, 13, 15, 17, 1]
Amount to spawn  : [3, 3, 3, 3, 3, 3, 3, 14, 13, 13, 14, 10, 13, 17, 15, 19]
Species age      : [37, 35, 35, 34, 34, 32, 31, 25, 15, 10, 6, 6, 5, 3, 2, 0]
Species no improv: [6, 0, 15, 2, 0, 0, 10, 13, 0, 0, 3, 0, 5, 0, 2, 0]
   Producing 1 more individual(s) to fill up the new population

 ****** Running generation 40 ****** 

Population's average fitness: 0.45395 stdev: 0.12791
Best fitness: 0.8552372325 - size: (3, 10) - species 11 - id 5028
Species length: 16 totalizing 150 individuals
Species ID       : [2, 3, 6, 9, 11, 14, 16, 23, 28, 31, 33, 34, 35, 37, 38, 39]
Each species size: [3, 3, 3, 3, 3, 3, 4, 14, 13, 13, 14, 10, 13, 17, 15, 19]
Amount to spawn  : [3, 3, 3, 3, 4, 3, 3, 16, 13, 14, 15, 11, 15, 13, 15, 16]
Species age      : [38, 36, 36, 35, 35, 33, 32, 26, 16, 11, 7, 7, 6, 4, 3, 1]
Species no improv: [0, 1, 16, 3, 0, 1, 11, 0, 1, 1, 4, 0, 6, 1, 3, 1]

 ****** Running generation 41 ****** 


   Species  6 (with  3 individuals) is stagnated: removing it
Population's average fitness: 0.44440 stdev: 0.13435
Best fitness: 0.8552372325 - size: (3, 10) - species 11 - id 5028
Species length: 18 totalizing 147 individuals
Species ID       : [2, 3, 9, 11, 14, 16, 23, 28, 31, 33, 34, 35, 37, 38, 39, 40, 41, 42]
Each species size: [3, 3, 3, 4, 3, 3, 16, 17, 14, 15, 11, 15, 12, 14, 11, 1, 1, 1]
Amount to spawn  : [3, 2, 3, 2, 2, 2, 13, 9, 9, 10, 9, 11, 12, 12, 12, 16, 16, 8]
Species age      : [39, 37, 36, 36, 34, 33, 27, 17, 12, 8, 8, 7, 5, 4, 2, 0, 0, 0]
Species no improv: [1, 2, 4, 1, 2, 12, 1, 2, 2, 5, 1, 7, 2, 4, 2, 0, 0, 0]
   Removing 1 excess individual(s) from the new population

 ****** Running generation 42 ****** 

Population's average fitness: 0.48268 stdev: 0.12072
Best fitness: 0.8552372325 - size: (3, 10) - species 11 - id 5028
Species length: 19 totalizing 150 individuals
Species ID       : [2, 3, 9, 11, 14, 16, 23, 28, 31, 33, 34, 35, 37, 38, 39, 40, 41, 42, 43]
Each species size: [3, 2, 3, 2, 2, 2, 13, 9, 9, 10, 9, 11, 13, 16, 12, 14, 12, 7, 1]
Amount to spawn  : [2, 2, 2, 2, 2, 2, 11, 10, 10, 10, 9, 11, 12, 12, 10, 13, 10, 7, 14]
Species age      : [40, 38, 37, 37, 35, 34, 28, 18, 13, 9, 9, 8, 6, 5, 3, 1, 1, 1, 0]
Species no improv: [2, 3, 5, 0, 3, 13, 2, 0, 0, 6, 0, 8, 3, 5, 3, 1, 1, 0, 0]
   Removing 1 excess individual(s) from the new population

 ****** Running generation 43 ****** 

Population's average fitness: 0.48543 stdev: 0.11860
Best fitness: 0.8552372325 - size: (3, 10) - species 11 - id 5028
Species length: 19 totalizing 150 individuals
Species ID       : [2, 3, 9, 11, 14, 16, 23, 28, 31, 33, 34, 35, 37, 38, 39, 40, 41, 42, 43]
Each species size: [2, 2, 2, 2, 2, 2, 11, 20, 10, 10, 9, 11, 13, 12, 4, 24, 10, 3, 1]
Amount to spawn  : [2, 2, 2, 3, 2, 2, 11, 9, 9, 8, 8, 9, 11, 11, 10, 13, 13, 12, 14]
Species age      : [41, 39, 38, 38, 36, 35, 29, 19, 14, 10, 10, 9, 7, 6, 4, 2, 2, 2, 1]
Species no improv: [0, 4, 6, 0, 4, 14, 3, 1, 1, 7, 0, 9, 4, 6, 4, 2, 2, 0, 0]
   Removing 1 excess individual(s) from the new population

 ****** Running generation 44 ****** 

Removing species 42 for being empty

Best individual found in epoch 44 - complexity: (3, 10)
Number of evaluations: 6084
You dot not have the Biggles package.
You dot not have the Biggles package.

Best network output:
0.00000 	 0.00067
1.00000 	 0.99996
1.00000 	 0.99903
0.00000 	 0.02102
