Biggles is not installed. If you wish to automatically plot some nice statistics please install it: http://biggles.sourceforge.net/

 ****** Running generation 0 ****** 

Population's average fitness: 0.39380 stdev: 0.05581
Best fitness: 0.4975230701 - size: (0, 2) - species 1 - id 80
Species length: 1 totalizing 150 individuals
Species ID       : [1]
Each species size: [150]
Amount to spawn  : [150]
Species age      : [0]
Species no improv: [0]

 ****** Running generation 1 ****** 

Population's average fitness: 0.37635 stdev: 0.07459
Best fitness: 0.4999514216 - size: (0, 2) - species 1 - id 153
Species length: 2 totalizing 150 individuals
Species ID       : [1, 2]
Each species size: [148, 2]
Amount to spawn  : [77, 73]
Species age      : [1, 0]
Species no improv: [1, 0]

 ****** Running generation 2 ****** 

Population's average fitness: 0.37461 stdev: 0.06863
Best fitness: 0.4999865665 - size: (1, 4) - species 1 - id 356
Species length: 4 totalizing 150 individuals
Species ID       : [1, 2, 3, 4]
Each species size: [106, 42, 1, 1]
Amount to spawn  : [38, 33, 48, 31]
Species age      : [2, 1, 0, 0]
Species no improv: [2, 1, 0, 0]

 ****** Running generation 3 ****** 

Population's average fitness: 0.37574 stdev: 0.07785
Best fitness: 0.4999996818 - size: (1, 4) - species 1 - id 475
Species length: 6 totalizing 150 individuals
Species ID       : [1, 2, 3, 4, 5, 6]
Each species size: [39, 38, 30, 40, 1, 2]
Amount to spawn  : [30, 24, 24, 27, 22, 23]
Species age      : [3, 2, 1, 1, 0, 0]
Species no improv: [0, 2, 1, 0, 0, 0]

 ****** Running generation 4 ****** 

Population's average fitness: 0.35869 stdev: 0.08138
Best fitness: 0.4999999999 - size: (1, 4) - species 1 - id 616
Species length: 9 totalizing 150 individuals
Species ID       : [1, 2, 3, 4, 5, 6, 7, 8, 9]
Each species size: [55, 9, 12, 31, 21, 19, 1, 1, 1]
Amount to spawn  : [18, 16, 17, 15, 15, 16, 15, 23, 14]
Species age      : [4, 3, 2, 2, 1, 1, 0, 0, 0]
Species no improv: [1, 3, 2, 1, 0, 0, 0, 0, 0]
   Producing 1 more individual(s) to fill up the new population

 ****** Running generation 5 ****** 

Removing species 7 for being empty
Removing species 8 for being empty
Population's average fitness: 0.36459 stdev: 0.08168
Best fitness: 0.4999999999 - size: (1, 4) - species 1 - id 616
Species length: 8 totalizing 150 individuals
Species ID       : [1, 2, 3, 4, 5, 6, 9, 10]
Each species size: [24, 30, 32, 34, 11, 2, 13, 4]
Amount to spawn  : [20, 18, 17, 18, 22, 22, 15, 18]
Species age      : [5, 4, 3, 3, 2, 2, 1, 0]
Species no improv: [2, 0, 3, 2, 0, 0, 0, 0]

 ****** Running generation 6 ****** 

Removing species 10 for being empty
Population's average fitness: 0.41534 stdev: 0.09012
Best fitness: 0.5035362382 - size: (2, 5) - species 2 - id 911
Species length: 9 totalizing 150 individuals
Species ID       : [1, 2, 3, 4, 5, 6, 9, 11, 12]
Each species size: [41, 18, 19, 18, 19, 19, 14, 1, 1]
Amount to spawn  : [21, 17, 14, 16, 20, 16, 13, 16, 17]
Species age      : [6, 5, 4, 4, 3, 3, 2, 0, 0]
Species no improv: [0, 0, 4, 3, 0, 1, 0, 0, 0]

 ****** Running generation 7 ****** 

Population's average fitness: 0.42243 stdev: 0.08198
Best fitness: 0.5178848722 - size: (2, 5) - species 3 - id 1069
Species length: 9 totalizing 150 individuals
Species ID       : [1, 2, 3, 4, 5, 6, 9, 11, 12]
Each species size: [35, 17, 16, 25, 6, 13, 5, 16, 17]
Amount to spawn  : [20, 16, 17, 14, 20, 18, 13, 17, 15]
Species age      : [7, 6, 5, 5, 4, 4, 3, 1, 1]
Species no improv: [0, 0, 5, 4, 0, 0, 0, 0, 1]

 ****** Running generation 8 ****** 

Removing species 5 for being empty
Population's average fitness: 0.43220 stdev: 0.08580
Best fitness: 0.5360206596 - size: (3, 7) - species 12 - id 1301
Species length: 8 totalizing 150 individuals
Species ID       : [1, 2, 3, 4, 6, 9, 11, 12]
Each species size: [40, 16, 22, 15, 13, 12, 18, 14]
Amount to spawn  : [22, 18, 18, 17, 21, 15, 20, 19]
Species age      : [8, 7, 6, 6, 5, 4, 2, 2]
Species no improv: [1, 1, 6, 0, 0, 1, 0, 0]

 ****** Running generation 9 ****** 

Population's average fitness: 0.43035 stdev: 0.08902
Best fitness: 0.5430844369 - size: (3, 7) - species 12 - id 1438
Species length: 11 totalizing 150 individuals
Species ID       : [1, 2, 3, 4, 6, 9, 11, 12, 13, 14, 15]
Each species size: [22, 18, 19, 16, 18, 15, 17, 19, 2, 1, 3]
Amount to spawn  : [16, 13, 12, 12, 15, 11, 15, 14, 13, 16, 14]
Species age      : [9, 8, 7, 7, 6, 5, 3, 3, 0, 0, 0]
Species no improv: [2, 2, 7, 1, 0, 0, 0, 0, 0, 0, 0]
   Removing 1 excess individual(s) from the new population

 ****** Running generation 10 ****** 

Population's average fitness: 0.42880 stdev: 0.09536
Best fitness: 0.6062627419 - size: (3, 7) - species 12 - id 1537
Species length: 13 totalizing 150 individuals
Species ID       : [1, 2, 3, 4, 6, 9, 11, 12, 13, 14, 15, 16, 17]
Each species size: [15, 13, 15, 12, 11, 11, 16, 14, 13, 16, 12, 1, 1]
Amount to spawn  : [11, 11, 12, 12, 14, 9, 13, 13, 10, 10, 12, 14, 8]
Species age      : [10, 9, 8, 8, 7, 6, 4, 4, 1, 1, 1, 0, 0]
Species no improv: [3, 3, 8, 0, 0, 1, 0, 0, 1, 1, 0, 0, 0]
   Producing 1 more individual(s) to fill up the new population

 ****** Running generation 11 ****** 

Population's average fitness: 0.44681 stdev: 0.08800
Best fitness: 0.6062630915 - size: (4, 9) - species 12 - id 1666
Species length: 14 totalizing 150 individuals
Species ID       : [1, 2, 3, 4, 6, 9, 11, 12, 13, 14, 15, 16, 17, 18]
Each species size: [17, 12, 12, 12, 15, 9, 13, 13, 9, 10, 12, 7, 8, 1]
Amount to spawn  : [11, 9, 9, 12, 13, 9, 12, 13, 9, 11, 13, 13, 8, 9]
Species age      : [11, 10, 9, 9, 8, 7, 5, 5, 2, 2, 2, 1, 1, 0]
Species no improv: [4, 0, 9, 0, 1, 0, 1, 0, 2, 2, 0, 1, 0, 0]
   Removing 1 excess individual(s) from the new population

 ****** Running generation 12 ****** 

Population's average fitness: 0.44726 stdev: 0.08862
Best fitness: 0.6062630915 - size: (4, 9) - species 12 - id 1666
Species length: 14 totalizing 150 individuals
Species ID       : [1, 2, 3, 4, 6, 9, 11, 12, 13, 14, 15, 16, 17, 18]
Each species size: [12, 9, 13, 12, 16, 9, 12, 16, 9, 11, 13, 8, 5, 5]
Amount to spawn  : [11, 9, 9, 11, 13, 9, 12, 13, 9, 11, 13, 13, 11, 8]
Species age      : [12, 11, 10, 10, 9, 8, 6, 6, 3, 3, 3, 2, 2, 1]
Species no improv: [0, 1, 10, 0, 2, 1, 2, 1, 3, 3, 0, 0, 0, 1]
   Removing 2 excess individual(s) from the new population

 ****** Running generation 13 ****** 

Population's average fitness: 0.43881 stdev: 0.08748
Best fitness: 0.6062630915 - size: (4, 9) - species 12 - id 1666
Species length: 14 totalizing 150 individuals
Species ID       : [1, 2, 3, 4, 6, 9, 11, 12, 13, 14, 15, 16, 17, 18]
Each species size: [11, 9, 14, 11, 9, 9, 12, 13, 9, 11, 13, 12, 11, 6]
Amount to spawn  : [11, 10, 9, 10, 11, 10, 13, 13, 9, 11, 13, 13, 10, 9]
Species age      : [13, 12, 11, 11, 10, 9, 7, 7, 4, 4, 4, 3, 3, 2]
Species no improv: [1, 2, 11, 1, 3, 0, 3, 2, 4, 4, 1, 0, 1, 2]
   Removing 2 excess individual(s) from the new population

 ****** Running generation 14 ****** 

Population's average fitness: 0.44757 stdev: 0.08887
Best fitness: 0.6062630915 - size: (4, 9) - species 12 - id 1666
Species length: 16 totalizing 150 individuals
Species ID       : [1, 2, 3, 4, 6, 9, 11, 12, 13, 14, 15, 16, 17, 18, 19, 20]
Each species size: [11, 10, 8, 10, 10, 10, 14, 14, 9, 11, 12, 13, 9, 6, 2, 1]
Amount to spawn  : [10, 9, 7, 9, 10, 7, 12, 11, 8, 9, 12, 11, 11, 8, 6, 12]
Species age      : [14, 13, 12, 12, 11, 10, 8, 8, 5, 5, 5, 4, 4, 3, 0, 0]
Species no improv: [0, 0, 12, 2, 4, 0, 0, 3, 5, 5, 0, 1, 0, 3, 0, 0]
   Removing 2 excess individual(s) from the new population

 ****** Running generation 15 ****** 

Removing species 19 for being empty
Population's average fitness: 0.44553 stdev: 0.08960
Best fitness: 0.6062686212 - size: (4, 9) - species 12 - id 2194
Species length: 15 totalizing 150 individuals
Species ID       : [1, 2, 3, 4, 6, 9, 11, 12, 13, 14, 15, 16, 17, 18, 20]
Each species size: [9, 9, 13, 9, 10, 7, 12, 11, 8, 9, 12, 12, 20, 8, 1]
Amount to spawn  : [10, 9, 7, 9, 10, 8, 11, 12, 9, 10, 12, 12, 9, 9, 12]
Species age      : [15, 14, 13, 13, 12, 11, 9, 9, 6, 6, 6, 5, 5, 4, 1]
Species no improv: [0, 1, 13, 3, 0, 0, 1, 0, 6, 6, 1, 0, 1, 0, 1]
   Producing 1 more individual(s) to fill up the new population

 ****** Running generation 16 ****** 

Population's average fitness: 0.45219 stdev: 0.09464
Best fitness: 0.6174470449 - size: (2, 6) - species 3 - id 2293
Species length: 16 totalizing 150 individuals
Species ID       : [1, 2, 3, 4, 6, 9, 11, 12, 13, 14, 15, 16, 17, 18, 20, 21]
Each species size: [10, 9, 7, 9, 10, 8, 11, 12, 9, 10, 12, 13, 12, 9, 8, 1]
Amount to spawn  : [10, 9, 9, 9, 10, 10, 10, 9, 8, 11, 12, 12, 10, 8, 9, 6]
Species age      : [16, 15, 14, 14, 13, 12, 10, 10, 7, 7, 7, 6, 6, 5, 2, 0]
Species no improv: [1, 2, 14, 4, 1, 0, 2, 1, 7, 7, 2, 0, 2, 1, 2, 0]
   Removing 2 excess individual(s) from the new population

 ****** Running generation 17 ****** 

Removing species 20 for being empty
Population's average fitness: 0.44433 stdev: 0.09875
Best fitness: 0.6183942183 - size: (4, 9) - species 12 - id 2467
Species length: 16 totalizing 150 individuals
Species ID       : [1, 2, 3, 4, 6, 9, 11, 12, 13, 14, 15, 16, 17, 18, 21, 22]
Each species size: [10, 9, 9, 9, 9, 10, 10, 9, 8, 11, 12, 12, 19, 8, 4, 1]
Amount to spawn  : [9, 10, 7, 9, 10, 10, 10, 10, 8, 10, 12, 11, 10, 8, 5, 12]
Species age      : [17, 16, 15, 15, 14, 13, 11, 11, 8, 8, 8, 7, 7, 6, 1, 0]
Species no improv: [2, 0, 15, 5, 2, 1, 3, 0, 8, 8, 3, 1, 3, 2, 1, 0]
   Removing 1 excess individual(s) from the new population

 ****** Running generation 18 ****** 

Population's average fitness: 0.46036 stdev: 0.08798
Best fitness: 0.6183942183 - size: (4, 9) - species 12 - id 2467
Species length: 16 totalizing 150 individuals
Species ID       : [1, 2, 3, 4, 6, 9, 11, 12, 13, 14, 15, 16, 17, 18, 21, 22]
Each species size: [9, 10, 7, 9, 10, 10, 10, 10, 8, 10, 12, 11, 10, 8, 5, 11]
Amount to spawn  : [10, 10, 8, 9, 9, 9, 9, 10, 8, 9, 11, 11, 10, 8, 7, 11]
Species age      : [18, 17, 16, 16, 15, 14, 12, 12, 9, 9, 9, 8, 8, 7, 2, 1]
Species no improv: [3, 0, 16, 0, 3, 2, 4, 0, 9, 9, 4, 2, 4, 3, 0, 1]
   Producing 1 more individual(s) to fill up the new population

 ****** Running generation 19 ****** 


   Species  3 (with  8 individuals) is stagnated: removing it
Population's average fitness: 0.46076 stdev: 0.08506
Best fitness: 0.6183942364 - size: (4, 9) - species 12 - id 2742
Species length: 16 totalizing 142 individuals
Species ID       : [1, 2, 4, 6, 9, 11, 12, 13, 14, 15, 16, 17, 18, 21, 22, 23]
Each species size: [11, 10, 9, 18, 9, 9, 11, 8, 9, 10, 11, 12, 7, 5, 2, 1]
Amount to spawn  : [10, 10, 10, 10, 9, 9, 9, 6, 9, 10, 11, 11, 7, 7, 11, 11]
Species age      : [19, 18, 17, 16, 15, 13, 13, 10, 10, 10, 9, 9, 8, 3, 2, 0]
Species no improv: [4, 0, 0, 4, 3, 5, 1, 10, 10, 5, 0, 0, 4, 1, 0, 0]

 ****** Running generation 20 ****** 

Removing species 22 for being empty
Population's average fitness: 0.47187 stdev: 0.08276
Best fitness: 0.6208888024 - size: (4, 9) - species 12 - id 2863
Species length: 17 totalizing 150 individuals
Species ID       : [1, 2, 4, 6, 9, 11, 12, 13, 14, 15, 16, 17, 18, 21, 23, 24, 25]
Each species size: [10, 10, 10, 21, 8, 9, 9, 6, 9, 10, 11, 10, 7, 7, 11, 1, 1]
Amount to spawn  : [9, 10, 9, 9, 9, 8, 10, 6, 8, 9, 9, 8, 7, 6, 11, 11, 11]
Species age      : [20, 19, 18, 17, 16, 14, 14, 11, 11, 11, 10, 10, 9, 4, 1, 0, 0]
Species no improv: [5, 0, 1, 5, 4, 6, 0, 11, 11, 6, 1, 1, 5, 0, 1, 0, 0]

 ****** Running generation 21 ****** 

Population's average fitness: 0.47088 stdev: 0.07951
Best fitness: 0.6208888024 - size: (4, 9) - species 12 - id 2863
Species length: 19 totalizing 150 individuals
Species ID       : [1, 2, 4, 6, 9, 11, 12, 13, 14, 15, 16, 17, 18, 21, 23, 24, 25, 26, 27]
Each species size: [9, 10, 8, 9, 9, 8, 10, 6, 8, 6, 9, 9, 7, 6, 11, 11, 10, 1, 3]
Amount to spawn  : [8, 8, 8, 8, 8, 8, 9, 6, 8, 7, 8, 8, 5, 6, 9, 9, 9, 10, 10]
Species age      : [21, 20, 19, 18, 17, 15, 15, 12, 12, 12, 11, 11, 10, 5, 2, 1, 1, 0, 0]
Species no improv: [6, 1, 2, 6, 5, 7, 1, 12, 12, 7, 2, 0, 6, 0, 2, 1, 1, 0, 0]
   Removing 2 excess individual(s) from the new population

 ****** Running generation 22 ****** 

Removing species 25 for being empty
Removing species 27 for being empty
Population's average fitness: 0.47130 stdev: 0.07620
Best fitness: 0.6208888024 - size: (4, 9) - species 12 - id 2863
Species length: 18 totalizing 150 individuals
Species ID       : [1, 2, 4, 6, 9, 11, 12, 13, 14, 15, 16, 17, 18, 21, 23, 24, 26, 28]
Each species size: [8, 8, 8, 8, 6, 8, 9, 6, 8, 15, 8, 17, 5, 6, 9, 9, 10, 2]
Amount to spawn  : [9, 9, 9, 8, 9, 9, 9, 6, 8, 9, 8, 9, 6, 7, 10, 9, 10, 10]
Species age      : [22, 21, 20, 19, 18, 16, 16, 13, 13, 13, 12, 12, 11, 6, 3, 2, 1, 0]
Species no improv: [7, 2, 0, 7, 0, 0, 2, 13, 13, 0, 3, 0, 7, 0, 3, 2, 1, 0]
   Removing 4 excess individual(s) from the new population

 ****** Running generation 23 ****** 

Removing species 28 for being empty
Population's average fitness: 0.47359 stdev: 0.07726
Best fitness: 0.6350415447 - size: (4, 10) - species 12 - id 3265
Species length: 18 totalizing 150 individuals
Species ID       : [1, 2, 4, 6, 9, 11, 12, 13, 14, 15, 16, 17, 18, 21, 23, 24, 26, 29]
Each species size: [9, 9, 9, 8, 15, 9, 9, 6, 8, 9, 8, 9, 6, 7, 4, 9, 10, 6]
Amount to spawn  : [8, 10, 8, 8, 8, 8, 9, 6, 7, 8, 8, 8, 5, 9, 10, 9, 10, 9]
Species age      : [23, 22, 21, 20, 19, 17, 17, 14, 14, 14, 13, 13, 12, 7, 4, 3, 2, 0]
Species no improv: [8, 0, 1, 0, 1, 1, 3, 14, 14, 0, 4, 1, 8, 0, 4, 3, 2, 0]
   Producing 2 more individual(s) to fill up the new population

 ****** Running generation 24 ****** 

Population's average fitness: 0.47875 stdev: 0.07575
Best fitness: 0.6359612735 - size: (4, 10) - species 12 - id 3396
Species length: 18 totalizing 150 individuals
Species ID       : [1, 2, 4, 6, 9, 11, 12, 13, 14, 15, 16, 17, 18, 21, 23, 24, 26, 29]
Each species size: [8, 10, 9, 8, 8, 8, 9, 6, 7, 8, 8, 8, 5, 9, 10, 10, 10, 9]
Amount to spawn  : [8, 9, 8, 8, 8, 8, 9, 6, 8, 8, 8, 8, 6, 9, 9, 9, 10, 9]
Species age      : [24, 23, 22, 21, 20, 18, 18, 15, 15, 15, 14, 14, 13, 8, 5, 4, 3, 1]
Species no improv: [9, 1, 0, 1, 2, 2, 4, 15, 15, 1, 5, 2, 9, 0, 5, 4, 3, 0]
   Producing 2 more individual(s) to fill up the new population

 ****** Running generation 25 ****** 

Population's average fitness: 0.49242 stdev: 0.05850
Best fitness: 0.6769118284 - size: (4, 11) - species 12 - id 3522
Species length: 22 totalizing 150 individuals
Species ID       : [1, 2, 4, 6, 9, 11, 12, 13, 14, 15, 16, 17, 18, 21, 23, 24, 26, 29, 30, 31, 32, 33]
Each species size: [8, 9, 8, 9, 4, 5, 9, 6, 8, 8, 7, 7, 6, 9, 9, 9, 10, 10, 4, 3, 1, 1]
Amount to spawn  : [6, 7, 6, 6, 6, 6, 7, 5, 6, 6, 6, 6, 5, 8, 8, 8, 8, 8, 8, 8, 8, 8]
Species age      : [25, 24, 23, 22, 21, 19, 19, 16, 16, 16, 15, 15, 14, 9, 6, 5, 4, 2, 0, 0, 0, 0]
Species no improv: [10, 0, 1, 2, 3, 3, 5, 16, 16, 2, 6, 3, 10, 0, 6, 5, 4, 0, 0, 0, 0, 0]

 ****** Running generation 26 ****** 

Removing species 33 for being empty

   Species 13 (with  5 individuals) is stagnated: removing it

   Species 14 (with  6 individuals) is stagnated: removing it
Population's average fitness: 0.48770 stdev: 0.06750
Best fitness: 0.7001955761 - size: (4, 11) - species 12 - id 3645
Species length: 19 totalizing 139 individuals
Species ID       : [1, 2, 4, 6, 9, 11, 12, 15, 16, 17, 18, 21, 23, 24, 26, 29, 30, 31, 32]
Each species size: [6, 7, 7, 6, 10, 13, 7, 6, 6, 14, 5, 8, 9, 8, 7, 7, 4, 1, 8]
Amount to spawn  : [7, 9, 7, 7, 7, 7, 9, 7, 7, 7, 5, 7, 9, 9, 9, 8, 9, 9, 9]
Species age      : [26, 25, 24, 23, 22, 20, 20, 17, 16, 16, 15, 10, 7, 6, 5, 3, 1, 1, 1]
Species no improv: [11, 0, 2, 3, 4, 4, 0, 0, 7, 4, 11, 0, 7, 6, 5, 1, 1, 1, 1]
   Producing 2 more individual(s) to fill up the new population

 ****** Running generation 27 ****** 

Removing species 26 for being empty
Removing species 31 for being empty
Population's average fitness: 0.47708 stdev: 0.07539
Best fitness: 0.7001955761 - size: (4, 11) - species 12 - id 3645
Species length: 20 totalizing 150 individuals
Species ID       : [1, 2, 4, 6, 9, 11, 12, 15, 16, 17, 18, 21, 23, 24, 29, 30, 32, 34, 35, 36]
Each species size: [7, 9, 16, 7, 9, 16, 9, 7, 7, 7, 6, 3, 9, 9, 8, 6, 9, 1, 4, 1]
Amount to spawn  : [7, 7, 7, 7, 7, 7, 7, 7, 7, 6, 5, 7, 9, 8, 8, 8, 9, 9, 9, 9]
Species age      : [27, 26, 25, 24, 23, 21, 21, 18, 17, 17, 16, 11, 8, 7, 4, 2, 2, 0, 0, 0]
Species no improv: [12, 1, 0, 4, 5, 5, 1, 1, 8, 5, 12, 0, 8, 7, 2, 2, 0, 0, 0, 0]

 ****** Running generation 28 ****** 

Removing species 30 for being empty
Population's average fitness: 0.48035 stdev: 0.07191
Best fitness: 0.7001955761 - size: (4, 11) - species 12 - id 3645
Species length: 20 totalizing 150 individuals
Species ID       : [1, 2, 4, 6, 9, 11, 12, 15, 16, 17, 18, 21, 23, 24, 29, 32, 34, 35, 36, 37]
Each species size: [7, 7, 7, 7, 15, 7, 7, 7, 7, 6, 5, 12, 9, 8, 8, 8, 9, 4, 9, 1]
Amount to spawn  : [7, 6, 7, 7, 6, 7, 7, 7, 7, 6, 5, 7, 9, 9, 9, 9, 8, 8, 9, 9]
Species age      : [28, 27, 26, 25, 24, 22, 22, 19, 18, 18, 17, 12, 9, 8, 5, 3, 1, 1, 1, 0]
Species no improv: [13, 2, 1, 5, 6, 6, 2, 2, 0, 6, 13, 1, 9, 8, 3, 0, 1, 1, 1, 0]
   Producing 1 more individual(s) to fill up the new population

 ****** Running generation 29 ****** 

Removing species 35 for being empty
Population's average fitness: 0.48780 stdev: 0.07623
Best fitness: 0.8261538059 - size: (4, 11) - species 12 - id 4039
Species length: 21 totalizing 150 individuals
Species ID       : [1, 2, 4, 6, 9, 11, 12, 15, 16, 17, 18, 21, 23, 24, 29, 32, 34, 36, 37, 38, 39]
Each species size: [7, 6, 7, 7, 4, 7, 7, 7, 7, 6, 5, 15, 9, 9, 10, 9, 8, 9, 9, 1, 1]
Amount to spawn  : [7, 7, 7, 7, 6, 7, 8, 7, 7, 6, 4, 7, 7, 8, 8, 8, 8, 8, 8, 8, 5]
Species age      : [29, 28, 27, 26, 25, 23, 23, 20, 19, 19, 18, 13, 10, 9, 6, 4, 2, 2, 1, 0, 0]
Species no improv: [14, 3, 2, 0, 7, 7, 3, 3, 0, 7, 14, 2, 10, 9, 4, 1, 2, 2, 1, 0, 0]
   Producing 2 more individual(s) to fill up the new population

 ****** Running generation 30 ****** 

Population's average fitness: 0.48114 stdev: 0.08344
Best fitness: 0.8629705514 - size: (4, 11) - species 12 - id 4166
Species length: 21 totalizing 150 individuals
Species ID       : [1, 2, 4, 6, 9, 11, 12, 15, 16, 17, 18, 21, 23, 24, 29, 32, 34, 36, 37, 38, 39]
Each species size: [7, 7, 7, 7, 10, 7, 8, 7, 7, 6, 4, 7, 7, 9, 8, 8, 9, 8, 8, 7, 2]
Amount to spawn  : [7, 6, 7, 7, 5, 7, 9, 7, 7, 7, 6, 7, 7, 7, 8, 8, 8, 8, 8, 7, 5]
Species age      : [30, 29, 28, 27, 26, 24, 24, 21, 20, 20, 19, 14, 11, 10, 7, 5, 3, 3, 2, 1, 1]
Species no improv: [15, 4, 3, 1, 8, 8, 0, 4, 1, 0, 0, 0, 11, 10, 5, 2, 3, 3, 2, 1, 0]
   Producing 2 more individual(s) to fill up the new population

 ****** Running generation 31 ****** 

Removing species 39 for being empty
Population's average fitness: 0.48048 stdev: 0.09211
Best fitness: 0.8629705514 - size: (4, 11) - species 12 - id 4166
Species length: 20 totalizing 150 individuals
Species ID       : [1, 2, 4, 6, 9, 11, 12, 15, 16, 17, 18, 21, 23, 24, 29, 32, 34, 36, 37, 38]
Each species size: [7, 6, 7, 7, 6, 7, 9, 7, 7, 7, 6, 8, 7, 7, 8, 8, 7, 8, 8, 13]
Amount to spawn  : [2, 7, 8, 8, 7, 8, 9, 8, 8, 8, 5, 7, 8, 8, 9, 9, 8, 9, 9, 7]
Species age      : [31, 30, 29, 28, 27, 25, 25, 22, 21, 21, 20, 15, 12, 11, 8, 6, 4, 4, 3, 2]
Species no improv: [16, 5, 0, 2, 9, 9, 1, 5, 2, 1, 1, 1, 12, 11, 6, 0, 4, 4, 3, 2]
   Removing 2 excess individual(s) from the new population

 ****** Running generation 32 ****** 


   Species  1 (with  2 individuals) is stagnated: removing it
Population's average fitness: 0.49937 stdev: 0.07502
Best fitness: 0.8629705514 - size: (4, 11) - species 12 - id 4166
Species length: 19 totalizing 148 individuals
Species ID       : [2, 4, 6, 9, 11, 12, 15, 16, 17, 18, 21, 23, 24, 29, 32, 34, 36, 37, 38]
Each species size: [7, 8, 8, 14, 8, 9, 8, 8, 8, 5, 8, 8, 8, 9, 9, 1, 8, 9, 5]
Amount to spawn  : [2, 8, 8, 8, 8, 10, 7, 8, 7, 5, 8, 8, 8, 9, 9, 9, 9, 9, 9]
Species age      : [31, 30, 29, 28, 26, 26, 23, 22, 22, 21, 16, 13, 12, 9, 7, 5, 5, 4, 3]
Species no improv: [6, 1, 3, 10, 10, 2, 6, 3, 2, 2, 2, 13, 12, 7, 1, 5, 5, 4, 3]
   Producing 1 more individual(s) to fill up the new population

 ****** Running generation 33 ****** 


Best individual found in epoch 33 - complexity: (4, 11)
Number of evaluations: 4555
You dot not have the Biggles package.
You dot not have the Biggles package.

Best network output:
0.00000 	 0.00870
1.00000 	 0.97698
1.00000 	 0.82919
0.00000 	 0.08738
