Biggles is not installed. If you wish to automatically plot some nice statistics please install it: http://biggles.sourceforge.net/

 ****** Running generation 0 ****** 

Population's average fitness: 0.38731 stdev: 0.06705
Best fitness: 0.4940408933 - size: (0, 2) - species 1 - id 6
Species length: 1 totalizing 150 individuals
Species ID       : [1]
Each species size: [150]
Amount to spawn  : [150]
Species age      : [0]
Species no improv: [0]

 ****** Running generation 1 ****** 

Population's average fitness: 0.37183 stdev: 0.07983
Best fitness: 0.4940408933 - size: (0, 2) - species 1 - id 6
Species length: 1 totalizing 150 individuals
Species ID       : [1]
Each species size: [150]
Amount to spawn  : [150]
Species age      : [1]
Species no improv: [1]

 ****** Running generation 2 ****** 

Population's average fitness: 0.37854 stdev: 0.07884
Best fitness: 0.4949963714 - size: (0, 2) - species 2 - id 375
Species length: 4 totalizing 150 individuals
Species ID       : [1, 2, 3, 4]
Each species size: [127, 16, 5, 2]
Amount to spawn  : [39, 40, 38, 33]
Species age      : [2, 0, 0, 0]
Species no improv: [2, 0, 0, 0]

 ****** Running generation 3 ****** 

Removing species 3 for being empty
Population's average fitness: 0.40675 stdev: 0.08370
Best fitness: 0.4999390095 - size: (0, 2) - species 1 - id 534
Species length: 3 totalizing 150 individuals
Species ID       : [1, 2, 4]
Each species size: [115, 21, 14]
Amount to spawn  : [56, 46, 48]
Species age      : [3, 1, 1]
Species no improv: [0, 1, 0]

 ****** Running generation 4 ****** 

Removing species 4 for being empty
Population's average fitness: 0.42163 stdev: 0.08106
Best fitness: 0.4999996964 - size: (0, 2) - species 1 - id 615
Species length: 3 totalizing 150 individuals
Species ID       : [1, 2, 5]
Each species size: [95, 54, 1]
Amount to spawn  : [53, 44, 53]
Species age      : [4, 2, 0]
Species no improv: [0, 2, 0]

 ****** Running generation 5 ****** 

Population's average fitness: 0.39329 stdev: 0.08723
Best fitness: 0.5066764512 - size: (3, 6) - species 5 - id 842
Species length: 3 totalizing 150 individuals
Species ID       : [1, 2, 5]
Each species size: [58, 38, 54]
Amount to spawn  : [59, 46, 45]
Species age      : [5, 3, 1]
Species no improv: [0, 3, 1]

 ****** Running generation 6 ****** 

Population's average fitness: 0.41470 stdev: 0.09309
Best fitness: 0.5685139992 - size: (1, 4) - species 2 - id 950
Species length: 6 totalizing 150 individuals
Species ID       : [1, 2, 5, 6, 7, 8]
Each species size: [54, 45, 44, 5, 1, 1]
Amount to spawn  : [26, 23, 19, 28, 28, 27]
Species age      : [6, 4, 2, 0, 0, 0]
Species no improv: [0, 0, 2, 0, 0, 0]
   Removing 1 excess individual(s) from the new population

 ****** Running generation 7 ****** 

Population's average fitness: 0.42682 stdev: 0.08923
Best fitness: 0.6009038870 - size: (1, 4) - species 7 - id 1064
Species length: 8 totalizing 150 individuals
Species ID       : [1, 2, 5, 6, 7, 8, 9, 10]
Each species size: [27, 10, 38, 18, 29, 7, 13, 8]
Amount to spawn  : [20, 20, 18, 22, 18, 16, 18, 18]
Species age      : [7, 5, 3, 1, 1, 1, 0, 0]
Species no improv: [1, 0, 3, 0, 1, 1, 0, 0]

 ****** Running generation 8 ****** 

Population's average fitness: 0.44570 stdev: 0.08790
Best fitness: 0.6032009341 - size: (1, 4) - species 7 - id 1260
Species length: 12 totalizing 150 individuals
Species ID       : [1, 2, 5, 6, 7, 8, 9, 10, 11, 12, 13, 14]
Each species size: [39, 7, 12, 21, 30, 15, 11, 7, 4, 1, 2, 1]
Amount to spawn  : [14, 14, 11, 14, 14, 12, 11, 11, 11, 9, 14, 14]
Species age      : [8, 6, 4, 2, 2, 2, 1, 1, 0, 0, 0, 0]
Species no improv: [0, 0, 4, 1, 2, 2, 1, 1, 0, 0, 0, 0]
   Producing 1 more individual(s) to fill up the new population

 ****** Running generation 9 ****** 

Removing species 10 for being empty
Removing species 13 for being empty
Removing species 14 for being empty
Population's average fitness: 0.43451 stdev: 0.09371
Best fitness: 0.6417997191 - size: (1, 4) - species 7 - id 1376
Species length: 9 totalizing 150 individuals
Species ID       : [1, 2, 5, 6, 7, 8, 9, 11, 12]
Each species size: [32, 11, 19, 1, 27, 22, 22, 7, 9]
Amount to spawn  : [19, 19, 15, 19, 18, 14, 16, 15, 14]
Species age      : [9, 7, 5, 3, 3, 3, 2, 1, 1]
Species no improv: [0, 0, 5, 0, 3, 3, 0, 0, 0]
   Producing 1 more individual(s) to fill up the new population

 ****** Running generation 10 ****** 

Removing species 6 for being empty
Removing species 11 for being empty
Population's average fitness: 0.43087 stdev: 0.10554
Best fitness: 0.6417997191 - size: (1, 4) - species 1 - id 1376
Species length: 9 totalizing 150 individuals
Species ID       : [1, 2, 5, 7, 8, 9, 12, 15, 16]
Each species size: [21, 38, 30, 13, 14, 15, 14, 4, 1]
Amount to spawn  : [16, 19, 14, 17, 14, 17, 14, 19, 19]
Species age      : [10, 8, 6, 4, 4, 3, 2, 0, 0]
Species no improv: [1, 1, 6, 4, 4, 0, 0, 0, 0]
   Producing 1 more individual(s) to fill up the new population

 ****** Running generation 11 ****** 

Removing species 7 for being empty
Population's average fitness: 0.46463 stdev: 0.09927
Best fitness: 0.6439610849 - size: (1, 4) - species 1 - id 1610
Species length: 10 totalizing 150 individuals
Species ID       : [1, 2, 5, 8, 9, 12, 15, 16, 17, 18]
Each species size: [31, 19, 14, 14, 25, 14, 19, 11, 2, 1]
Amount to spawn  : [15, 17, 15, 15, 14, 14, 17, 16, 18, 10]
Species age      : [11, 9, 7, 5, 4, 3, 1, 1, 0, 0]
Species no improv: [0, 0, 0, 5, 1, 0, 1, 1, 0, 0]
   Removing 1 excess individual(s) from the new population

 ****** Running generation 12 ****** 

Population's average fitness: 0.44683 stdev: 0.10409
Best fitness: 0.6445104501 - size: (2, 6) - species 16 - id 1851
Species length: 13 totalizing 150 individuals
Species ID       : [1, 2, 5, 8, 9, 12, 15, 16, 17, 18, 19, 20, 21]
Each species size: [11, 17, 14, 15, 12, 14, 17, 16, 7, 9, 1, 3, 14]
Amount to spawn  : [13, 11, 10, 13, 11, 10, 13, 12, 11, 10, 13, 10, 12]
Species age      : [12, 10, 8, 6, 5, 4, 2, 2, 1, 1, 0, 0, 0]
Species no improv: [0, 0, 1, 6, 2, 1, 0, 2, 1, 0, 0, 0, 0]
   Producing 1 more individual(s) to fill up the new population

 ****** Running generation 13 ****** 

Population's average fitness: 0.44157 stdev: 0.10605
Best fitness: 0.6445104501 - size: (2, 6) - species 16 - id 1851
Species length: 13 totalizing 150 individuals
Species ID       : [1, 2, 5, 8, 9, 12, 15, 16, 17, 18, 19, 20, 21]
Each species size: [27, 11, 22, 13, 13, 10, 13, 10, 8, 11, 1, 9, 2]
Amount to spawn  : [12, 12, 12, 13, 11, 12, 14, 12, 12, 10, 8, 10, 10]
Species age      : [13, 11, 9, 7, 6, 5, 3, 3, 2, 2, 1, 1, 1]
Species no improv: [1, 0, 2, 7, 3, 0, 1, 3, 2, 0, 1, 1, 1]
   Producing 2 more individual(s) to fill up the new population

 ****** Running generation 14 ****** 

Population's average fitness: 0.42892 stdev: 0.11327
Best fitness: 0.6445104501 - size: (2, 6) - species 16 - id 1851
Species length: 13 totalizing 150 individuals
Species ID       : [1, 2, 5, 8, 9, 12, 15, 16, 17, 18, 19, 20, 21]
Each species size: [11, 13, 13, 13, 17, 12, 14, 12, 19, 10, 8, 4, 4]
Amount to spawn  : [12, 12, 9, 13, 13, 10, 14, 13, 13, 10, 9, 10, 10]
Species age      : [14, 12, 10, 8, 7, 6, 4, 4, 3, 3, 2, 2, 2]
Species no improv: [2, 1, 3, 8, 0, 1, 2, 4, 3, 1, 2, 2, 2]
   Producing 2 more individual(s) to fill up the new population

 ****** Running generation 15 ****** 

Population's average fitness: 0.43613 stdev: 0.10697
Best fitness: 0.6445104501 - size: (2, 6) - species 16 - id 1851
Species length: 14 totalizing 150 individuals
Species ID       : [1, 2, 5, 8, 9, 12, 15, 16, 17, 18, 19, 20, 21, 22]
Each species size: [12, 11, 10, 13, 15, 11, 14, 11, 13, 10, 9, 10, 10, 1]
Amount to spawn  : [11, 11, 10, 12, 12, 10, 13, 13, 12, 8, 9, 11, 10, 8]
Species age      : [15, 13, 11, 9, 8, 7, 5, 5, 4, 4, 3, 3, 3, 0]
Species no improv: [3, 2, 4, 9, 0, 2, 3, 5, 4, 2, 3, 0, 3, 0]

 ****** Running generation 16 ****** 

Population's average fitness: 0.44744 stdev: 0.11778
Best fitness: 0.7386629646 - size: (3, 7) - species 8 - id 2334
Species length: 16 totalizing 150 individuals
Species ID       : [1, 2, 5, 8, 9, 12, 15, 16, 17, 18, 19, 20, 21, 22, 23, 24]
Each species size: [13, 17, 10, 12, 1, 10, 10, 22, 12, 8, 9, 11, 10, 2, 1, 2]
Amount to spawn  : [10, 8, 9, 8, 9, 8, 11, 10, 11, 9, 9, 9, 10, 9, 11, 11]
Species age      : [16, 14, 12, 10, 9, 8, 6, 6, 5, 5, 4, 4, 4, 1, 0, 0]
Species no improv: [4, 3, 0, 10, 1, 3, 4, 6, 5, 0, 4, 0, 4, 0, 0, 0]
   Removing 2 excess individual(s) from the new population

 ****** Running generation 17 ****** 

Removing species 23 for being empty
Population's average fitness: 0.45587 stdev: 0.11245
Best fitness: 0.7386629646 - size: (3, 7) - species 8 - id 2334
Species length: 16 totalizing 150 individuals
Species ID       : [1, 2, 5, 8, 9, 12, 15, 16, 17, 18, 19, 20, 21, 22, 24, 25]
Each species size: [11, 13, 9, 8, 9, 8, 17, 10, 11, 9, 9, 9, 10, 8, 8, 1]
Amount to spawn  : [10, 9, 8, 8, 7, 9, 11, 12, 11, 7, 9, 8, 9, 9, 9, 14]
Species age      : [17, 15, 13, 11, 10, 9, 7, 7, 6, 6, 5, 5, 5, 2, 1, 0]
Species no improv: [0, 4, 0, 11, 2, 0, 5, 0, 6, 1, 5, 1, 5, 0, 1, 0]

 ****** Running generation 18 ****** 

Removing species 22 for being empty
Population's average fitness: 0.45103 stdev: 0.11792
Best fitness: 0.7386629646 - size: (3, 7) - species 8 - id 2334
Species length: 15 totalizing 150 individuals
Species ID       : [1, 2, 5, 8, 9, 12, 15, 16, 17, 18, 19, 20, 21, 24, 25]
Each species size: [10, 18, 8, 8, 8, 9, 11, 25, 11, 7, 9, 8, 9, 8, 1]
Amount to spawn  : [10, 9, 11, 10, 9, 7, 12, 10, 10, 8, 11, 9, 11, 8, 15]
Species age      : [18, 16, 14, 12, 11, 10, 8, 8, 7, 7, 6, 6, 6, 2, 1]
Species no improv: [1, 5, 0, 0, 3, 1, 6, 1, 7, 2, 6, 2, 0, 2, 1]

 ****** Running generation 19 ****** 

Removing species 25 for being empty
Population's average fitness: 0.46570 stdev: 0.11967
Best fitness: 0.7386629646 - size: (3, 7) - species 8 - id 2334
Species length: 15 totalizing 150 individuals
Species ID       : [1, 2, 5, 8, 9, 12, 15, 16, 17, 18, 19, 20, 21, 24, 26]
Each species size: [10, 8, 11, 10, 14, 7, 12, 22, 10, 8, 11, 9, 11, 6, 1]
Amount to spawn  : [11, 10, 9, 10, 8, 7, 11, 10, 11, 7, 12, 10, 12, 11, 11]
Species age      : [19, 17, 15, 13, 12, 11, 9, 9, 8, 8, 7, 7, 7, 3, 0]
Species no improv: [2, 6, 1, 1, 4, 2, 7, 2, 8, 3, 0, 3, 0, 0, 0]

 ****** Running generation 20 ****** 

Removing species 24 for being empty
Population's average fitness: 0.46813 stdev: 0.12332
Best fitness: 0.7423700367 - size: (3, 7) - species 21 - id 2949
Species length: 14 totalizing 150 individuals
Species ID       : [1, 2, 5, 8, 9, 12, 15, 16, 17, 18, 19, 20, 21, 26]
Each species size: [11, 15, 9, 10, 19, 7, 11, 10, 11, 7, 12, 10, 12, 6]
Amount to spawn  : [12, 10, 12, 10, 8, 9, 11, 8, 12, 8, 13, 11, 14, 12]
Species age      : [20, 18, 16, 14, 13, 12, 10, 10, 9, 9, 8, 8, 8, 1]
Species no improv: [3, 7, 2, 2, 5, 0, 8, 3, 9, 4, 1, 0, 0, 1]

 ****** Running generation 21 ****** 

Population's average fitness: 0.46048 stdev: 0.12674
Best fitness: 0.8504212163 - size: (3, 7) - species 21 - id 3091
Species length: 14 totalizing 150 individuals
Species ID       : [1, 2, 5, 8, 9, 12, 15, 16, 17, 18, 19, 20, 21, 26]
Each species size: [13, 15, 12, 10, 8, 9, 10, 8, 12, 8, 13, 11, 14, 7]
Amount to spawn  : [12, 11, 12, 10, 8, 7, 11, 9, 10, 8, 13, 10, 14, 13]
Species age      : [21, 19, 17, 15, 14, 13, 11, 11, 10, 10, 9, 9, 9, 2]
Species no improv: [4, 8, 3, 3, 6, 1, 9, 4, 10, 5, 2, 1, 1, 0]
   Producing 2 more individual(s) to fill up the new population

 ****** Running generation 22 ****** 

Removing species 26 for being empty
Population's average fitness: 0.48775 stdev: 0.12684
Best fitness: 0.8966769252 - size: (3, 7) - species 21 - id 3224
Species length: 13 totalizing 150 individuals
Species ID       : [1, 2, 5, 8, 9, 12, 15, 16, 17, 18, 19, 20, 21]
Each species size: [12, 24, 12, 10, 9, 7, 11, 9, 10, 8, 13, 10, 15]
Amount to spawn  : [13, 12, 14, 11, 10, 10, 12, 10, 11, 9, 13, 11, 14]
Species age      : [22, 20, 18, 16, 15, 14, 12, 12, 11, 11, 10, 10, 10]
Species no improv: [5, 9, 4, 4, 7, 2, 10, 5, 11, 6, 0, 0, 0]

 ****** Running generation 23 ****** 


Best individual found in epoch 23 - complexity: (3, 7)
Number of evaluations: 3367
You dot not have the Biggles package.
You dot not have the Biggles package.

Best network output:
0.00000 	 0.00000
1.00000 	 0.99657
1.00000 	 0.99781
0.00000 	 0.02771
