Biggles is not installed. If you wish to automatically plot some nice statistics please install it: http://biggles.sourceforge.net/

 ****** Running generation 0 ****** 

Population's average fitness: 0.38539 stdev: 0.06514
Best fitness: 0.4955916305 - size: (0, 2) - species 1 - id 50
Species length: 1 totalizing 150 individuals
Species ID       : [1]
Each species size: [150]
Amount to spawn  : [150]
Species age      : [0]
Species no improv: [0]

 ****** Running generation 1 ****** 

Population's average fitness: 0.37147 stdev: 0.07487
Best fitness: 0.4955916305 - size: (0, 2) - species 1 - id 50
Species length: 1 totalizing 150 individuals
Species ID       : [1]
Each species size: [150]
Amount to spawn  : [150]
Species age      : [1]
Species no improv: [1]

 ****** Running generation 2 ****** 

Population's average fitness: 0.36673 stdev: 0.07625
Best fitness: 0.4955916305 - size: (0, 2) - species 1 - id 248
Species length: 4 totalizing 150 individuals
Species ID       : [1, 2, 3, 4]
Each species size: [134, 9, 5, 2]
Amount to spawn  : [37, 41, 36, 36]
Species age      : [2, 0, 0, 0]
Species no improv: [2, 0, 0, 0]

 ****** Running generation 3 ****** 

Population's average fitness: 0.37629 stdev: 0.08397
Best fitness: 0.4999984732 - size: (1, 4) - species 2 - id 551
Species length: 4 totalizing 150 individuals
Species ID       : [1, 2, 3, 4]
Each species size: [53, 94, 2, 1]
Amount to spawn  : [35, 33, 39, 42]
Species age      : [3, 1, 1, 1]
Species no improv: [0, 1, 0, 0]
   Producing 1 more individual(s) to fill up the new population

 ****** Running generation 4 ****** 

Population's average fitness: 0.40286 stdev: 0.08144
Best fitness: 0.5029534267 - size: (2, 5) - species 4 - id 735
Species length: 7 totalizing 150 individuals
Species ID       : [1, 2, 3, 4, 5, 6, 7]
Each species size: [58, 15, 33, 39, 3, 1, 1]
Amount to spawn  : [22, 22, 25, 22, 22, 12, 26]
Species age      : [4, 2, 2, 2, 0, 0, 0]
Species no improv: [0, 2, 0, 1, 0, 0, 0]
   Removing 1 excess individual(s) from the new population

 ****** Running generation 5 ****** 

Removing species 6 for being empty
Population's average fitness: 0.41087 stdev: 0.08801
Best fitness: 0.5029534267 - size: (2, 5) - species 4 - id 735
Species length: 6 totalizing 150 individuals
Species ID       : [1, 2, 3, 4, 5, 7]
Each species size: [69, 23, 10, 35, 1, 12]
Amount to spawn  : [27, 28, 18, 24, 31, 23]
Species age      : [5, 3, 3, 3, 1, 1]
Species no improv: [0, 0, 1, 2, 0, 1]
   Removing 1 excess individual(s) from the new population

 ****** Running generation 6 ****** 

Removing species 5 for being empty
Population's average fitness: 0.41399 stdev: 0.09012
Best fitness: 0.5492528622 - size: (2, 5) - species 4 - id 971
Species length: 7 totalizing 150 individuals
Species ID       : [1, 2, 3, 4, 7, 8, 9]
Each species size: [44, 47, 13, 26, 17, 1, 2]
Amount to spawn  : [25, 25, 19, 21, 19, 16, 24]
Species age      : [6, 4, 4, 4, 2, 0, 0]
Species no improv: [0, 0, 2, 3, 2, 0, 0]
   Producing 1 more individual(s) to fill up the new population

 ****** Running generation 7 ****** 

Population's average fitness: 0.39630 stdev: 0.09222
Best fitness: 0.5492528622 - size: (2, 5) - species 3 - id 971
Species length: 8 totalizing 150 individuals
Species ID       : [1, 2, 3, 4, 7, 8, 9, 10]
Each species size: [47, 7, 45, 3, 12, 13, 22, 1]
Amount to spawn  : [23, 25, 20, 17, 18, 14, 18, 14]
Species age      : [7, 5, 5, 5, 3, 1, 1, 0]
Species no improv: [0, 0, 3, 4, 3, 1, 1, 0]
   Producing 1 more individual(s) to fill up the new population

 ****** Running generation 8 ****** 

Population's average fitness: 0.40010 stdev: 0.09678
Best fitness: 0.5492528622 - size: (2, 5) - species 3 - id 971
Species length: 9 totalizing 150 individuals
Species ID       : [1, 2, 3, 4, 7, 8, 9, 10, 11]
Each species size: [28, 24, 20, 18, 33, 12, 2, 12, 1]
Amount to spawn  : [21, 22, 17, 19, 17, 14, 14, 11, 13]
Species age      : [8, 6, 6, 6, 4, 2, 2, 1, 0]
Species no improv: [0, 1, 4, 5, 4, 0, 2, 1, 0]
   Producing 2 more individual(s) to fill up the new population

 ****** Running generation 9 ****** 

Removing species 4 for being empty
Population's average fitness: 0.41221 stdev: 0.09711
Best fitness: 0.5653355036 - size: (5, 10) - species 7 - id 1398
Species length: 10 totalizing 150 individuals
Species ID       : [1, 2, 3, 7, 8, 9, 10, 11, 12, 13]
Each species size: [23, 27, 36, 29, 9, 3, 10, 11, 1, 1]
Amount to spawn  : [19, 18, 16, 14, 18, 16, 10, 12, 15, 12]
Species age      : [9, 7, 7, 5, 3, 3, 2, 1, 0, 0]
Species no improv: [0, 2, 5, 5, 0, 3, 2, 0, 0, 0]

 ****** Running generation 10 ****** 

Removing species 12 for being empty
Population's average fitness: 0.40939 stdev: 0.09274
Best fitness: 0.5653355036 - size: (5, 10) - species 7 - id 1398
Species length: 10 totalizing 150 individuals
Species ID       : [1, 2, 3, 7, 8, 9, 10, 11, 13, 14]
Each species size: [20, 17, 16, 29, 18, 15, 19, 12, 3, 1]
Amount to spawn  : [15, 19, 15, 13, 17, 16, 12, 14, 10, 18]
Species age      : [10, 8, 8, 6, 4, 4, 3, 2, 1, 0]
Species no improv: [1, 0, 6, 6, 1, 4, 0, 0, 1, 0]
   Producing 1 more individual(s) to fill up the new population

 ****** Running generation 11 ****** 

Removing species 14 for being empty
Population's average fitness: 0.41332 stdev: 0.09501
Best fitness: 0.5653355036 - size: (5, 10) - species 7 - id 1398
Species length: 10 totalizing 150 individuals
Species ID       : [1, 2, 3, 7, 8, 9, 10, 11, 13, 15]
Each species size: [15, 20, 15, 12, 17, 34, 12, 14, 10, 1]
Amount to spawn  : [16, 19, 15, 14, 18, 14, 14, 15, 12, 11]
Species age      : [11, 9, 9, 7, 5, 5, 4, 3, 2, 0]
Species no improv: [0, 1, 7, 7, 0, 5, 0, 0, 0, 0]
   Producing 2 more individual(s) to fill up the new population

 ****** Running generation 12 ****** 

Removing species 15 for being empty
Population's average fitness: 0.42765 stdev: 0.09329
Best fitness: 0.5661611977 - size: (5, 10) - species 7 - id 1792
Species length: 10 totalizing 150 individuals
Species ID       : [1, 2, 3, 7, 8, 9, 10, 11, 13, 16]
Each species size: [21, 14, 16, 25, 18, 14, 14, 15, 12, 1]
Amount to spawn  : [14, 15, 12, 14, 17, 14, 14, 16, 17, 16]
Species age      : [12, 10, 10, 8, 6, 6, 5, 4, 3, 0]
Species no improv: [1, 0, 8, 8, 1, 6, 0, 0, 0, 0]
   Producing 1 more individual(s) to fill up the new population

 ****** Running generation 13 ****** 

Removing species 16 for being empty
Population's average fitness: 0.43651 stdev: 0.08478
Best fitness: 0.6224655393 - size: (5, 11) - species 7 - id 1923
Species length: 9 totalizing 150 individuals
Species ID       : [1, 2, 3, 7, 8, 9, 10, 11, 13]
Each species size: [16, 14, 12, 14, 16, 30, 14, 16, 18]
Amount to spawn  : [17, 17, 12, 18, 20, 17, 16, 17, 17]
Species age      : [13, 11, 11, 9, 7, 7, 6, 5, 4]
Species no improv: [2, 1, 9, 9, 0, 7, 1, 1, 1]
   Removing 1 excess individual(s) from the new population

 ****** Running generation 14 ****** 

Population's average fitness: 0.45548 stdev: 0.08232
Best fitness: 0.7111054849 - size: (5, 11) - species 7 - id 2060
Species length: 12 totalizing 150 individuals
Species ID       : [1, 2, 3, 7, 8, 9, 10, 11, 13, 17, 18, 19]
Each species size: [18, 17, 12, 18, 18, 17, 16, 17, 14, 1, 1, 1]
Amount to spawn  : [13, 13, 11, 11, 15, 13, 13, 14, 14, 9, 10, 15]
Species age      : [14, 12, 12, 10, 8, 8, 7, 6, 5, 0, 0, 0]
Species no improv: [3, 0, 10, 10, 1, 8, 0, 0, 2, 0, 0, 0]
   Removing 1 excess individual(s) from the new population

 ****** Running generation 15 ****** 

Removing species 17 for being empty
Population's average fitness: 0.42605 stdev: 0.10026
Best fitness: 0.7111054849 - size: (5, 11) - species 7 - id 2060
Species length: 11 totalizing 150 individuals
Species ID       : [1, 2, 3, 7, 8, 9, 10, 11, 13, 18, 19]
Each species size: [16, 12, 20, 11, 13, 13, 13, 14, 21, 3, 14]
Amount to spawn  : [14, 14, 10, 12, 16, 15, 15, 15, 15, 11, 13]
Species age      : [15, 13, 13, 11, 9, 9, 8, 7, 6, 1, 1]
Species no improv: [4, 0, 11, 11, 2, 9, 0, 1, 3, 1, 1]

 ****** Running generation 16 ****** 

Population's average fitness: 0.46300 stdev: 0.08715
Best fitness: 0.7523075478 - size: (5, 11) - species 7 - id 2335
Species length: 12 totalizing 150 individuals
Species ID       : [1, 2, 3, 7, 8, 9, 10, 11, 13, 18, 19, 20]
Each species size: [15, 11, 11, 12, 15, 15, 15, 14, 25, 1, 13, 3]
Amount to spawn  : [13, 13, 11, 12, 12, 11, 14, 14, 12, 9, 14, 15]
Species age      : [16, 14, 14, 12, 10, 10, 9, 8, 7, 2, 2, 0]
Species no improv: [0, 1, 0, 0, 0, 0, 0, 0, 4, 2, 2, 0]

 ****** Running generation 17 ****** 

Removing species 20 for being empty
Population's average fitness: 0.45132 stdev: 0.09909
Best fitness: 0.8679690220 - size: (5, 11) - species 7 - id 2474
Species length: 12 totalizing 150 individuals
Species ID       : [1, 2, 3, 7, 8, 9, 10, 11, 13, 18, 19, 21]
Each species size: [5, 37, 10, 12, 10, 11, 14, 14, 13, 9, 13, 2]
Amount to spawn  : [13, 13, 13, 10, 10, 11, 12, 15, 15, 12, 12, 16]
Species age      : [17, 15, 15, 13, 11, 11, 10, 9, 8, 3, 3, 0]
Species no improv: [1, 2, 0, 1, 1, 1, 1, 1, 0, 0, 3, 0]
   Removing 2 excess individual(s) from the new population

 ****** Running generation 18 ****** 

Population's average fitness: 0.46694 stdev: 0.08925
Best fitness: 0.8679690220 - size: (5, 11) - species 7 - id 2474
Species length: 13 totalizing 150 individuals
Species ID       : [1, 2, 3, 7, 8, 9, 10, 11, 13, 18, 19, 21, 22]
Each species size: [17, 13, 13, 10, 6, 11, 13, 15, 25, 12, 1, 13, 1]
Amount to spawn  : [11, 11, 10, 10, 11, 10, 11, 11, 12, 11, 14, 14, 14]
Species age      : [18, 16, 16, 14, 12, 12, 11, 10, 9, 4, 4, 1, 0]
Species no improv: [2, 3, 1, 2, 2, 0, 0, 0, 1, 0, 0, 0, 0]

 ****** Running generation 19 ****** 

Removing species 22 for being empty
Population's average fitness: 0.46376 stdev: 0.09879
Best fitness: 0.8679690220 - size: (5, 11) - species 7 - id 2474
Species length: 13 totalizing 150 individuals
Species ID       : [1, 2, 3, 7, 8, 9, 10, 11, 13, 18, 19, 21, 23]
Each species size: [11, 11, 10, 10, 24, 10, 11, 11, 17, 11, 14, 1, 9]
Amount to spawn  : [12, 12, 12, 13, 12, 11, 10, 11, 10, 14, 13, 8, 12]
Species age      : [19, 17, 17, 15, 13, 13, 12, 11, 10, 5, 5, 2, 0]
Species no improv: [0, 4, 0, 0, 3, 0, 1, 1, 2, 0, 1, 1, 0]

 ****** Running generation 20 ****** 

Removing species 19 for being empty
Population's average fitness: 0.45068 stdev: 0.10925
Best fitness: 0.8679690220 - size: (5, 11) - species 7 - id 2474
Species length: 12 totalizing 150 individuals
Species ID       : [1, 2, 3, 7, 8, 9, 10, 11, 13, 18, 21, 23]
Each species size: [12, 12, 12, 13, 24, 11, 2, 11, 23, 14, 4, 12]
Amount to spawn  : [13, 13, 13, 13, 10, 11, 12, 12, 12, 16, 9, 15]
Species age      : [20, 18, 18, 16, 14, 14, 13, 12, 11, 6, 3, 1]
Species no improv: [1, 0, 1, 1, 4, 1, 2, 2, 3, 1, 2, 0]
   Producing 1 more individual(s) to fill up the new population

 ****** Running generation 21 ****** 

Population's average fitness: 0.45380 stdev: 0.10291
Best fitness: 0.8679690220 - size: (5, 11) - species 7 - id 2474
Species length: 12 totalizing 150 individuals
Species ID       : [1, 2, 3, 7, 8, 9, 10, 11, 13, 18, 21, 23]
Each species size: [13, 13, 14, 13, 14, 11, 8, 12, 14, 16, 9, 13]
Amount to spawn  : [13, 13, 13, 11, 14, 12, 11, 12, 12, 16, 10, 14]
Species age      : [21, 19, 19, 17, 15, 15, 14, 13, 12, 7, 4, 2]
Species no improv: [2, 1, 2, 2, 0, 2, 3, 3, 4, 2, 3, 1]
   Removing 1 excess individual(s) from the new population

 ****** Running generation 22 ****** 

Population's average fitness: 0.46474 stdev: 0.09313
Best fitness: 0.8679690220 - size: (5, 11) - species 7 - id 2474
Species length: 15 totalizing 150 individuals
Species ID       : [1, 2, 3, 7, 8, 9, 10, 11, 13, 18, 21, 23, 24, 25, 26]
Each species size: [13, 13, 13, 11, 23, 11, 11, 12, 12, 15, 1, 12, 1, 1, 1]
Amount to spawn  : [10, 10, 10, 9, 9, 9, 9, 9, 10, 12, 11, 12, 9, 12, 8]
Species age      : [22, 20, 20, 18, 16, 16, 15, 14, 13, 8, 5, 3, 0, 0, 0]
Species no improv: [3, 2, 3, 3, 1, 3, 4, 4, 0, 3, 4, 0, 0, 0, 0]
   Producing 1 more individual(s) to fill up the new population

 ****** Running generation 23 ****** 

Removing species 24 for being empty
Population's average fitness: 0.46604 stdev: 0.08938
Best fitness: 0.8679690220 - size: (5, 11) - species 7 - id 2474
Species length: 14 totalizing 150 individuals
Species ID       : [1, 2, 3, 7, 8, 9, 10, 11, 13, 18, 21, 23, 25, 26]
Each species size: [10, 10, 10, 9, 17, 18, 9, 9, 11, 17, 3, 12, 7, 8]
Amount to spawn  : [11, 11, 11, 10, 9, 8, 11, 11, 10, 13, 12, 12, 13, 9]
Species age      : [23, 21, 21, 19, 17, 17, 16, 15, 14, 9, 6, 4, 1, 1]
Species no improv: [4, 3, 0, 4, 2, 4, 0, 0, 0, 0, 5, 1, 1, 0]
   Removing 1 excess individual(s) from the new population

 ****** Running generation 24 ****** 

Removing species 25 for being empty
Population's average fitness: 0.46566 stdev: 0.10697
Best fitness: 0.8679690220 - size: (5, 11) - species 7 - id 2474
Species length: 14 totalizing 150 individuals
Species ID       : [1, 2, 3, 7, 8, 9, 10, 11, 13, 18, 21, 23, 26, 27]
Each species size: [11, 10, 11, 10, 13, 8, 17, 11, 10, 26, 2, 12, 8, 1]
Amount to spawn  : [11, 11, 11, 10, 10, 9, 12, 9, 10, 11, 14, 12, 12, 8]
Species age      : [24, 22, 22, 20, 18, 18, 17, 16, 15, 10, 7, 5, 2, 0]
Species no improv: [5, 4, 1, 5, 3, 5, 1, 1, 1, 0, 6, 2, 0, 0]

 ****** Running generation 25 ****** 

Population's average fitness: 0.47604 stdev: 0.10101
Best fitness: 0.8679690220 - size: (5, 11) - species 7 - id 2474
Species length: 15 totalizing 150 individuals
Species ID       : [1, 2, 3, 7, 8, 9, 10, 11, 13, 18, 21, 23, 26, 27, 28]
Each species size: [11, 17, 11, 10, 19, 9, 12, 9, 10, 10, 6, 12, 12, 1, 1]
Amount to spawn  : [10, 9, 11, 8, 9, 10, 10, 9, 10, 10, 11, 12, 11, 7, 12]
Species age      : [25, 23, 23, 21, 19, 19, 18, 17, 16, 11, 8, 6, 3, 1, 0]
Species no improv: [6, 5, 0, 6, 4, 0, 0, 2, 2, 1, 7, 0, 0, 1, 0]
   Producing 1 more individual(s) to fill up the new population

 ****** Running generation 26 ****** 

Removing species 27 for being empty
Population's average fitness: 0.48532 stdev: 0.09836
Best fitness: 0.8679690220 - size: (5, 11) - species 7 - id 2474
Species length: 16 totalizing 150 individuals
Species ID       : [1, 2, 3, 7, 8, 9, 10, 11, 13, 18, 21, 23, 26, 28, 29, 30]
Each species size: [10, 14, 11, 8, 8, 10, 12, 9, 10, 12, 5, 12, 11, 10, 1, 7]
Amount to spawn  : [9, 7, 9, 10, 7, 9, 9, 9, 9, 9, 11, 11, 10, 11, 11, 10]
Species age      : [26, 24, 24, 22, 20, 20, 19, 18, 17, 12, 9, 7, 4, 1, 0, 0]
Species no improv: [7, 6, 1, 0, 5, 1, 0, 0, 0, 2, 0, 0, 0, 1, 0, 0]
   Removing 1 excess individual(s) from the new population

 ****** Running generation 27 ****** 

Removing species 21 for being empty
Removing species 29 for being empty

Best individual found in epoch 27 - complexity: (3, 10)
Number of evaluations: 3867
You dot not have the Biggles package.
You dot not have the Biggles package.

Best network output:
0.00000 	 0.00000
1.00000 	 1.00000
1.00000 	 1.00000
0.00000 	 0.06290
